[LOG] System::create                           : Header version = 2.02.15. Current version = 2.02.15.
[LOG] Manager::init                            : maxchannels = 256 studioflags = 00000006 flags 00000000 extradriverdata 0000000000000000.
[LOG] SystemI::init                            : Initialize version=20215 (134211), maxchannels=256, flags=0x00020000
[LOG] SystemI::setOutputInternal               : Setting output to 'FMOD WASAPI Output'
[LOG] OutputWASAPI::init                       : Mix Format (WAVEFORMATEX): wFormatTag=0xFFFE, nChannels=2, nSamplesPerSec=44100, nAvgBytesPerSec=352800, nBlockAlign=8, wBitsPerSample=32, cbSize=22.
[LOG] OutputWASAPI::init                       : Mix Format (WAVEFORMATEXTENSIBLE): wValidBitsPerSample=32, dwChannelMask=0x00000003, SubFormat=00000003-0000-0010-8000-00AA00389B71.
[LOG] OutputWASAPI::init                       : Output buffer size: 3760 samples, latency: 0.00ms, period: 10.00ms, DSP buffer: 1024 * 4
[LOG] SystemI::init                            : Output requires a sample rate of 44100Hz, resampling will occur.
[LOG] Thread::initThread                       : Init FMOD stream thread. Affinity: 0x4000000000000003, Priority: 0xFFFF7FFB, Stack Size: 98304, Semaphore: No, Sleep Time: 10, Looping: Yes.
[LOG] Thread::initThread                       : Init FMOD mixer thread. Affinity: 0x4000000000000001, Priority: 0xFFFF7FFA, Stack Size: 81920, Semaphore: No, Sleep Time: 0, Looping: Yes.
[LOG] AsyncManager::init                       : manager 0000019642933448 isAsync 0 updatePeriod 0.02
[LOG] AsyncManager::init                       : done
[LOG] PlaybackSystem::init                     : 
[LOG] Thread::initThread                       : Init FMOD Studio sample load thread. Affinity: 0x4000000000000003, Priority: 0xFFFF7FFD, Stack Size: 98304, Semaphore: No, Sleep Time: 1, Looping: No.
[LOG] PlaybackSystem::init                     : done
[LOG] Thread::initThread                       : Init FMOD Studio bank load thread. Affinity: 0x4000000000000003, Priority: 0xFFFF7FFD, Stack Size: 98304, Semaphore: No, Sleep Time: 1, Looping: No.
[LOG] Manager::init                            : done.
[LOG] Manager::readBank                        : fileversion = 142, compatVersion = 140 (oldest = 44, newest = 142)
[LOG] Manager::readBank                        : fileversion = 142, compatVersion = 140 (oldest = 44, newest = 142)
[LOG] Manager::readBank                        : fileversion = 142, compatVersion = 140 (oldest = 44, newest = 142)
[LOG] PlaybackSystem::acquireMasterBus         : Setting master channel group format to 6
[LOG] SystemI::createSoundInternal             : Create name='', mode=0x02000202
[LOG] SystemI::createSoundInternal             : exinfo->cbsize             = 224
[LOG] SystemI::createSoundInternal             : exinfo->length             = 1632544
[LOG] SystemI::createSoundInternal             : exinfo->fileoffset         = 48576
[LOG] SystemI::createSoundInternal             : exinfo->numsubsounds       = 1
[LOG] SystemI::createSoundInternal             : exinfo->inclusionlist      = 00000003B09FF0C8
[LOG] SystemI::createSoundInternal             : exinfo->inclusionlistnum   = 1
[LOG] SystemI::createSoundInternal             : exinfo->suggestedsoundtype = 5
[LOG] SystemI::createSoundInternal             : exinfo->useropen           = 00007FFCEE5F3CA0
[LOG] SystemI::createSoundInternal             : exinfo->userclose          = 00007FFCEE5F3C60
[LOG] SystemI::createSoundInternal             : exinfo->userread           = 00007FFCEE5F3D80
[LOG] SystemI::createSoundInternal             : exinfo->userseek           = 00007FFCEE5F3E40
[LOG] SystemI::createSoundInternal             : exinfo->fileuserdata       = 000001956667E1A8
[LOG] SystemI::createSoundInternal             : exinfo->initialseekpostype = 1
[LOG] SystemI::DSPCodecPoolRegister            : register codec pool for pool type 5
[LOG] SystemI::createSoundInternal             : Sample 0/1: name='Button Hover 1', format=5, channels=2, frequency=48000, lengthbytes=5568, lengthpcm=24000, pcmblocksize=0, loopstart=0, loopend=0, mode=0x00000000, channelmask=0x00000000, channelorder=0, peakvolume=0.216244.
[LOG] SystemI::createSoundInternal             : Create name='', mode=0x02000202
[LOG] SystemI::createSoundInternal             : exinfo->cbsize             = 224
[LOG] SystemI::createSoundInternal             : exinfo->length             = 1632544
[LOG] SystemI::createSoundInternal             : exinfo->fileoffset         = 48576
[LOG] SystemI::createSoundInternal             : exinfo->numsubsounds       = 1
[LOG] SystemI::createSoundInternal             : exinfo->inclusionlist      = 00000003B09FF0C8
[LOG] SystemI::createSoundInternal             : exinfo->inclusionlistnum   = 1
[LOG] SystemI::createSoundInternal             : exinfo->suggestedsoundtype = 5
[LOG] SystemI::createSoundInternal             : exinfo->useropen           = 00007FFCEE5F3CA0
[LOG] SystemI::createSoundInternal             : exinfo->userclose          = 00007FFCEE5F3C60
[LOG] SystemI::createSoundInternal             : exinfo->userread           = 00007FFCEE5F3D80
[LOG] SystemI::createSoundInternal             : exinfo->userseek           = 00007FFCEE5F3E40
[LOG] SystemI::createSoundInternal             : exinfo->fileuserdata       = 00000195666782C8
[LOG] SystemI::createSoundInternal             : exinfo->initialseekpostype = 1
[LOG] SystemI::DSPCodecPoolRegister            : register codec pool for pool type 5
[LOG] SystemI::createSoundInternal             : Sample 0/1: name='Button Click 2', format=5, channels=2, frequency=48000, lengthbytes=5248, lengthpcm=24000, pcmblocksize=0, loopstart=0, loopend=0, mode=0x00000000, channelmask=0x00000000, channelorder=0, peakvolume=0.260312.
[LOG] SystemI::createSound                     : filename = Assets/Plugins/FMOD/Project/3D-Creator-Puzzle-Kit/Build/Desktop/Master.bank : mode 02010082
[LOG] SystemI::createSound                     : FMOD_NONBLOCKING specified.  Putting into queue to be opened asynchronously!
[LOG] AsyncThread::add                         : add sound to async queue : soundi = 000001963D6E3B68, queue head = 000001963DAF88E8, queue count = 0
[LOG] AsyncThread::threadFunc                  : Starting Asynchronous operation on sound 000001963D6E3B68
[LOG] SystemI::createSoundInternal             :     Create name='Assets/Plugins/FMOD/Project/3D-Creator-Puzzle-Kit/Build/Desktop/Master.bank', mode=0x02010082
[LOG] SystemI::createSoundInternal             :     exinfo->cbsize             = 224
[LOG] SystemI::createSoundInternal             :     exinfo->length             = 1632544
[LOG] SystemI::createSoundInternal             :     exinfo->fileoffset         = 48576
[LOG] SystemI::createSoundInternal             :     exinfo->numsubsounds       = 1
[LOG] SystemI::createSoundInternal             :     exinfo->inclusionlist      = 00000195685D85B0
[LOG] SystemI::createSoundInternal             :     exinfo->inclusionlistnum   = 1
[LOG] SystemI::createSoundInternal             :     exinfo->suggestedsoundtype = 5
[LOG] SystemI::createSoundInternal             :     exinfo->initialseekpostype = 1
[LOG] SystemI::createSoundInternal             :     Stream 0/1: name='Gameplay Music', format=5, channels=2, frequency=48000, lengthbytes=409504, lengthpcm=1536000, pcmblocksize=0, loopstart=0, loopend=0, mode=0x00000000, channelmask=0x00000000, channelorder=0, peakvolume=0.626190.
[LOG] SystemI::createSound                     :     filename = Assets/Plugins/FMOD/Project/3D-Creator-Puzzle-Kit/Build/Desktop/Master.bank : mode 02010082
[LOG] SystemI::createSound                     :     FMOD_NONBLOCKING specified.  Putting into queue to be opened asynchronously!
[LOG] AsyncThread::add                         :     add sound to async queue : soundi = 000001963D6E28D8, queue head = 000001963DAF88E8, queue count = 0
[LOG] AsyncThread::threadFunc                  : Finished Asynchronous operation on sound 000001963D6E3B68
[LOG] AsyncThread::threadFunc                  : Starting Asynchronous operation on sound 000001963D6E28D8
[LOG] SystemI::createSoundInternal             :     Create name='Assets/Plugins/FMOD/Project/3D-Creator-Puzzle-Kit/Build/Desktop/Master.bank', mode=0x02010082
[LOG] SystemI::createSoundInternal             :     exinfo->cbsize             = 224
[LOG] SystemI::createSoundInternal             :     exinfo->length             = 1632544
[LOG] SystemI::createSoundInternal             :     exinfo->fileoffset         = 48576
[LOG] SystemI::createSoundInternal             :     exinfo->numsubsounds       = 1
[LOG] SystemI::createSoundInternal             :     exinfo->inclusionlist      = 00000195685D8330
[LOG] SystemI::createSoundInternal             :     exinfo->inclusionlistnum   = 1
[LOG] SystemI::createSoundInternal             :     exinfo->suggestedsoundtype = 5
[LOG] SystemI::createSoundInternal             :     exinfo->initialseekpostype = 1
[LOG] SystemI::createSoundInternal             :     Create name='', mode=0x02000202
[LOG] SystemI::createSoundInternal             :     exinfo->cbsize             = 224
[LOG] SystemI::createSoundInternal             :     exinfo->length             = 1632544
[LOG] SystemI::createSoundInternal             :     exinfo->fileoffset         = 48576
[LOG] SystemI::createSoundInternal             :     exinfo->numsubsounds       = 1
[LOG] SystemI::createSoundInternal             :     exinfo->inclusionlist      = 00000003B09FF0C8
[LOG] SystemI::createSoundInternal             :     exinfo->inclusionlistnum   = 1
[LOG] SystemI::createSoundInternal             :     exinfo->suggestedsoundtype = 5
[LOG] SystemI::createSoundInternal             :     exinfo->useropen           = 00007FFCEE5F3CA0
[LOG] SystemI::createSoundInternal             :     exinfo->userclose          = 00007FFCEE5F3C60
[LOG] SystemI::createSoundInternal             :     exinfo->userread           = 00007FFCEE5F3D80
[LOG] SystemI::createSoundInternal             :     exinfo->userseek           = 00007FFCEE5F3E40
[LOG] SystemI::createSoundInternal             :     exinfo->fileuserdata       = 000001956667C2B8
[LOG] SystemI::createSoundInternal             :     exinfo->initialseekpostype = 1
[LOG] SystemI::DSPCodecPoolRegister            :     register codec pool for pool type 5
[LOG] SystemI::createSoundInternal             :     Stream 0/1: name='SFX_MovementWind', format=5, channels=2, frequency=48000, lengthbytes=260416, lengthpcm=1033499, pcmblocksize=0, loopstart=0, loopend=0, mode=0x00000000, channelmask=0x00000000, channelorder=0, peakvolume=0.135925.
[LOG] SystemI::createSoundInternal             :     Sample 0/1: name='Marble Roll 2', format=5, channels=2, frequency=48000, lengthbytes=62304, lengthpcm=251200, pcmblocksize=0, loopstart=0, loopend=0, mode=0x00000000, channelmask=0x00000000, channelorder=0, peakvolume=0.092712.
[LOG] SystemI::createSoundInternal             :     Create name='', mode=0x02000202
[LOG] SystemI::createSoundInternal             :     exinfo->cbsize             = 224
[LOG] SystemI::createSoundInternal             :     exinfo->length             = 1632544
[LOG] SystemI::createSoundInternal             :     exinfo->fileoffset         = 48576
[LOG] SystemI::createSoundInternal             :     exinfo->numsubsounds       = 1
[LOG] SystemI::createSoundInternal             :     exinfo->inclusionlist      = 00000003B09FF0C8
[LOG] SystemI::createSoundInternal             :     exinfo->inclusionlistnum   = 1
[LOG] SystemI::createSoundInternal             :     exinfo->suggestedsoundtype = 5
[LOG] SystemI::createSoundInternal             :     exinfo->useropen           = 00007FFCEE5F3CA0
[LOG] SystemI::createSoundInternal             :     exinfo->userclose          = 00007FFCEE5F3C60
[LOG] SystemI::createSoundInternal             :     exinfo->userread           = 00007FFCEE5F3D80
[LOG] SystemI::createSoundInternal             :     exinfo->userseek           = 00007FFCEE5F3E40
[LOG] SystemI::createSoundInternal             :     exinfo->fileuserdata       = 000001956667C2B8
[LOG] SystemI::createSoundInternal             :     exinfo->initialseekpostype = 1
[LOG] SystemI::DSPCodecPoolRegister            :     register codec pool for pool type 5
[LOG] SystemI::createSoundInternal             :     Sample 0/1: name='SFX_MarbleRoll', format=5, channels=2, frequency=48000, lengthbytes=65376, lengthpcm=329142, pcmblocksize=0, loopstart=0, loopend=0, mode=0x00000000, channelmask=0x00000000, channelorder=0, peakvolume=0.128418.
[LOG] SystemI::createSoundInternal             :     Create name='', mode=0x02000202
[LOG] SystemI::createSoundInternal             :     exinfo->cbsize             = 224
[LOG] SystemI::createSoundInternal             :     exinfo->length             = 1632544
[LOG] SystemI::createSoundInternal             :     exinfo->fileoffset         = 48576
[LOG] SystemI::createSoundInternal             :     exinfo->numsubsounds       = 1
[LOG] SystemI::createSoundInternal             :     exinfo->inclusionlist      = 00000003B09FF0C8
[LOG] SystemI::createSoundInternal             :     exinfo->inclusionlistnum   = 1
[LOG] SystemI::createSoundInternal             :     exinfo->suggestedsoundtype = 5
[LOG] SystemI::createSoundInternal             :     exinfo->useropen           = 00007FFCEE5F3CA0
[LOG] SystemI::createSoundInternal             :     exinfo->userclose          = 00007FFCEE5F3C60
[LOG] SystemI::createSoundInternal             :     exinfo->userread           = 00007FFCEE5F3D80
[LOG] SystemI::createSoundInternal             :     exinfo->userseek           = 00007FFCEE5F3E40
[LOG] SystemI::createSoundInternal             :     exinfo->fileuserdata       = 000001956667C2B8
[LOG] SystemI::createSoundInternal             :     exinfo->initialseekpostype = 1
[LOG] AsyncThread::threadFunc                  : Finished Asynchronous operation on sound 000001963D6E28D8
[LOG] SystemI::DSPCodecPoolRegister            : register codec pool for pool type 5
[LOG] SystemI::createSoundInternal             : Sample 0/1: name='Marble Roll 3', format=5, channels=2, frequency=48000, lengthbytes=56032, lengthpcm=251200, pcmblocksize=0, loopstart=0, loopend=0, mode=0x00000000, channelmask=0x00000000, channelorder=0, peakvolume=0.030151.
[LOG] SystemI::createSoundInternal             : Create name='', mode=0x02000202
[LOG] SystemI::createSoundInternal             : exinfo->cbsize             = 224
[LOG] SystemI::createSoundInternal             : exinfo->length             = 1632544
[LOG] SystemI::createSoundInternal             : exinfo->fileoffset         = 48576
[LOG] SystemI::createSoundInternal             : exinfo->numsubsounds       = 1
[LOG] SystemI::createSoundInternal             : exinfo->inclusionlist      = 00000003B09FF0C8
[LOG] SystemI::createSoundInternal             : exinfo->inclusionlistnum   = 1
[LOG] SystemI::createSoundInternal             : exinfo->suggestedsoundtype = 5
[LOG] SystemI::createSoundInternal             : exinfo->useropen           = 00007FFCEE5F3CA0
[LOG] SystemI::createSoundInternal             : exinfo->userclose          = 00007FFCEE5F3C60
[LOG] SystemI::createSoundInternal             : exinfo->userread           = 00007FFCEE5F3D80
[LOG] SystemI::createSoundInternal             : exinfo->userseek           = 00007FFCEE5F3E40
[LOG] SystemI::createSoundInternal             : exinfo->fileuserdata       = 000001956667C2B8
[LOG] SystemI::createSoundInternal             : exinfo->initialseekpostype = 1
[LOG] SystemI::DSPCodecPoolRegister            : register codec pool for pool type 5
[LOG] SystemI::createSoundInternal             : Sample 0/1: name='Marble Roll 1', format=5, channels=2, frequency=48000, lengthbytes=84704, lengthpcm=251200, pcmblocksize=0, loopstart=0, loopend=0, mode=0x00000000, channelmask=0x00000000, channelorder=0, peakvolume=0.070251.
[LOG] SystemI::createSoundInternal             : Create name='', mode=0x02000202
[LOG] SystemI::createSoundInternal             : exinfo->cbsize             = 224
[LOG] SystemI::createSoundInternal             : exinfo->length             = 1632544
[LOG] SystemI::createSoundInternal             : exinfo->fileoffset         = 48576
[LOG] SystemI::createSoundInternal             : exinfo->numsubsounds       = 1
[LOG] SystemI::createSoundInternal             : exinfo->inclusionlist      = 00000003B09FF0C8
[LOG] SystemI::createSoundInternal             : exinfo->inclusionlistnum   = 1
[LOG] SystemI::createSoundInternal             : exinfo->suggestedsoundtype = 5
[LOG] SystemI::createSoundInternal             : exinfo->useropen           = 00007FFCEE5F3CA0
[LOG] SystemI::createSoundInternal             : exinfo->userclose          = 00007FFCEE5F3C60
[LOG] SystemI::createSoundInternal             : exinfo->userread           = 00007FFCEE5F3D80
[LOG] SystemI::createSoundInternal             : exinfo->userseek           = 00007FFCEE5F3E40
[LOG] SystemI::createSoundInternal             : exinfo->fileuserdata       = 000001956667C2B8
[LOG] SystemI::createSoundInternal             : exinfo->initialseekpostype = 1
[LOG] SystemI::DSPCodecPoolRegister            : register codec pool for pool type 5
[LOG] SystemI::createSoundInternal             : Sample 0/1: name='Marble Roll 4', format=5, channels=2, frequency=48000, lengthbytes=55776, lengthpcm=251200, pcmblocksize=0, loopstart=0, loopend=0, mode=0x00000000, channelmask=0x00000000, channelorder=0, peakvolume=0.048126.
[LOG] AsyncThread::add                         : add sound to async queue : soundi = 000001963D6E2218, queue head = 000001963DAF88E8, queue count = 0
[LOG] AsyncThread::threadFunc                  : Starting Asynchronous operation on sound 000001963D6E2218
[LOG] AsyncThread::threadFunc                  : Finished Asynchronous operation on sound 000001963D6E2218
[LOG] AsyncThread::add                         : add sound to async queue : soundi = 000001963D6E2218, queue head = 000001963DAF88E8, queue count = 0
[LOG] AsyncThread::threadFunc                  : Starting Asynchronous operation on sound 000001963D6E2218
[LOG] AsyncThread::threadFunc                  : Finished Asynchronous operation on sound 000001963D6E2218
[LOG] SoundI::release                          : Menu Music (000001956642A4C8)
[LOG] SoundI::release                          :     Menu Music (0000019560AB37A8)
[LOG] SoundI::release                          :     Menu Music (0000019566429598)
[LOG] SystemI::createSoundInternal             : Create name='', mode=0x02000202
[LOG] SystemI::createSoundInternal             : exinfo->cbsize             = 224
[LOG] SystemI::createSoundInternal             : exinfo->length             = 1632544
[LOG] SystemI::createSoundInternal             : exinfo->fileoffset         = 48576
[LOG] SystemI::createSoundInternal             : exinfo->numsubsounds       = 1
[LOG] SystemI::createSoundInternal             : exinfo->inclusionlist      = 00000003B09FF0C8
[LOG] SystemI::createSoundInternal             : exinfo->inclusionlistnum   = 1
[LOG] SystemI::createSoundInternal             : exinfo->suggestedsoundtype = 5
[LOG] SystemI::createSoundInternal             : exinfo->useropen           = 00007FFCEE5F3CA0
[LOG] SystemI::createSoundInternal             : exinfo->userclose          = 00007FFCEE5F3C60
[LOG] SystemI::createSoundInternal             : exinfo->userread           = 00007FFCEE5F3D80
[LOG] SystemI::createSoundInternal             : exinfo->userseek           = 00007FFCEE5F3E40
[LOG] SystemI::createSoundInternal             : exinfo->fileuserdata       = 000001956642B8D8
[LOG] SystemI::createSoundInternal             : exinfo->initialseekpostype = 1
[LOG] SystemI::DSPCodecPoolRegister            : register codec pool for pool type 5
[LOG] SystemI::createSoundInternal             : Sample 0/1: name='Impact Concrete 4', format=5, channels=2, frequency=48000, lengthbytes=7392, lengthpcm=48000, pcmblocksize=0, loopstart=0, loopend=0, mode=0x00000000, channelmask=0x00000000, channelorder=0, peakvolume=0.159485.
[LOG] SystemI::createSoundInternal             : Create name='', mode=0x02000202
[LOG] SystemI::createSoundInternal             : exinfo->cbsize             = 224
[LOG] SystemI::createSoundInternal             : exinfo->length             = 1632544
[LOG] SystemI::createSoundInternal             : exinfo->fileoffset         = 48576
[LOG] SystemI::createSoundInternal             : exinfo->numsubsounds       = 1
[LOG] SystemI::createSoundInternal             : exinfo->inclusionlist      = 00000003B09FF0C8
[LOG] SystemI::createSoundInternal             : exinfo->inclusionlistnum   = 1
[LOG] SystemI::createSoundInternal             : exinfo->suggestedsoundtype = 5
[LOG] SystemI::createSoundInternal             : exinfo->useropen           = 00007FFCEE5F3CA0
[LOG] SystemI::createSoundInternal             : exinfo->userclose          = 00007FFCEE5F3C60
[LOG] SystemI::createSoundInternal             : exinfo->userread           = 00007FFCEE5F3D80
[LOG] SystemI::createSoundInternal             : exinfo->userseek           = 00007FFCEE5F3E40
[LOG] SystemI::createSoundInternal             : exinfo->fileuserdata       = 000001956642B8D8
[LOG] SystemI::createSoundInternal             : exinfo->initialseekpostype = 1
[LOG] SystemI::DSPCodecPoolRegister            : register codec pool for pool type 5
[LOG] SystemI::createSoundInternal             : Sample 0/1: name='Impact Metal 1', format=5, channels=2, frequency=48000, lengthbytes=8256, lengthpcm=48000, pcmblocksize=0, loopstart=0, loopend=0, mode=0x00000000, channelmask=0x00000000, channelorder=0, peakvolume=0.311920.
[LOG] SystemI::createSoundInternal             : Create name='', mode=0x02000202
[LOG] SystemI::createSoundInternal             : exinfo->cbsize             = 224
[LOG] SystemI::createSoundInternal             : exinfo->length             = 1632544
[LOG] SystemI::createSoundInternal             : exinfo->fileoffset         = 48576
[LOG] SystemI::createSoundInternal             : exinfo->numsubsounds       = 1
[LOG] SystemI::createSoundInternal             : exinfo->inclusionlist      = 00000003B09FF0C8
[LOG] SystemI::createSoundInternal             : exinfo->inclusionlistnum   = 1
[LOG] SystemI::createSoundInternal             : exinfo->suggestedsoundtype = 5
[LOG] SystemI::createSoundInternal             : exinfo->useropen           = 00007FFCEE5F3CA0
[LOG] SystemI::createSoundInternal             : exinfo->userclose          = 00007FFCEE5F3C60
[LOG] SystemI::createSoundInternal             : exinfo->userread           = 00007FFCEE5F3D80
[LOG] SystemI::createSoundInternal             : exinfo->userseek           = 00007FFCEE5F3E40
[LOG] SystemI::createSoundInternal             : exinfo->fileuserdata       = 000001956642B8D8
[LOG] SystemI::createSoundInternal             : exinfo->initialseekpostype = 1
[LOG] SystemI::DSPCodecPoolRegister            : register codec pool for pool type 5
[LOG] SystemI::createSoundInternal             : Sample 0/1: name='Impact Plastic 5', format=5, channels=2, frequency=48000, lengthbytes=6272, lengthpcm=24000, pcmblocksize=0, loopstart=0, loopend=0, mode=0x00000000, channelmask=0x00000000, channelorder=0, peakvolume=0.250885.
[LOG] SystemI::createSoundInternal             : Create name='', mode=0x02000202
[LOG] SystemI::createSoundInternal             : exinfo->cbsize             = 224
[LOG] SystemI::createSoundInternal             : exinfo->length             = 1632544
[LOG] SystemI::createSoundInternal             : exinfo->fileoffset         = 48576
[LOG] SystemI::createSoundInternal             : exinfo->numsubsounds       = 1
[LOG] SystemI::createSoundInternal             : exinfo->inclusionlist      = 00000003B09FF0C8
[LOG] SystemI::createSoundInternal             : exinfo->inclusionlistnum   = 1
[LOG] SystemI::createSoundInternal             : exinfo->suggestedsoundtype = 5
[LOG] SystemI::createSoundInternal             : exinfo->useropen           = 00007FFCEE5F3CA0
[LOG] SystemI::createSoundInternal             : exinfo->userclose          = 00007FFCEE5F3C60
[LOG] SystemI::createSoundInternal             : exinfo->userread           = 00007FFCEE5F3D80
[LOG] SystemI::createSoundInternal             : exinfo->userseek           = 00007FFCEE5F3E40
[LOG] SystemI::createSoundInternal             : exinfo->fileuserdata       = 000001956642B8D8
[LOG] SystemI::createSoundInternal             : exinfo->initialseekpostype = 1
[LOG] SystemI::DSPCodecPoolRegister            : register codec pool for pool type 5
[LOG] SystemI::createSoundInternal             : Sample 0/1: name='Impact Concrete 5', format=5, channels=2, frequency=48000, lengthbytes=5824, lengthpcm=48000, pcmblocksize=0, loopstart=0, loopend=0, mode=0x00000000, channelmask=0x00000000, channelorder=0, peakvolume=0.385590.
[LOG] SystemI::createSoundInternal             : Create name='', mode=0x02000202
[LOG] SystemI::createSoundInternal             : exinfo->cbsize             = 224
[LOG] SystemI::createSoundInternal             : exinfo->length             = 1632544
[LOG] SystemI::createSoundInternal             : exinfo->fileoffset         = 48576
[LOG] SystemI::createSoundInternal             : exinfo->numsubsounds       = 1
[LOG] SystemI::createSoundInternal             : exinfo->inclusionlist      = 00000003B09FF0C8
[LOG] SystemI::createSoundInternal             : exinfo->inclusionlistnum   = 1
[LOG] SystemI::createSoundInternal             : exinfo->suggestedsoundtype = 5
[LOG] SystemI::createSoundInternal             : exinfo->useropen           = 00007FFCEE5F3CA0
[LOG] SystemI::createSoundInternal             : exinfo->userclose          = 00007FFCEE5F3C60
[LOG] SystemI::createSoundInternal             : exinfo->userread           = 00007FFCEE5F3D80
[LOG] SystemI::createSoundInternal             : exinfo->userseek           = 00007FFCEE5F3E40
[LOG] SystemI::createSoundInternal             : exinfo->fileuserdata       = 000001956642B8D8
[LOG] SystemI::createSoundInternal             : exinfo->initialseekpostype = 1
[LOG] SystemI::DSPCodecPoolRegister            : register codec pool for pool type 5
[LOG] SystemI::createSoundInternal             : Sample 0/1: name='Impact Plastic 2', format=5, channels=2, frequency=48000, lengthbytes=6112, lengthpcm=24000, pcmblocksize=0, loopstart=0, loopend=0, mode=0x00000000, channelmask=0x00000000, channelorder=0, peakvolume=0.271912.
[LOG] SystemI::createSoundInternal             : Create name='', mode=0x02000202
[LOG] SystemI::createSoundInternal             : exinfo->cbsize             = 224
[LOG] SystemI::createSoundInternal             : exinfo->length             = 1632544
[LOG] SystemI::createSoundInternal             : exinfo->fileoffset         = 48576
[LOG] SystemI::createSoundInternal             : exinfo->numsubsounds       = 1
[LOG] SystemI::createSoundInternal             : exinfo->inclusionlist      = 00000003B09FF0C8
[LOG] SystemI::createSoundInternal             : exinfo->inclusionlistnum   = 1
[LOG] SystemI::createSoundInternal             : exinfo->suggestedsoundtype = 5
[LOG] SystemI::createSoundInternal             : exinfo->useropen           = 00007FFCEE5F3CA0
[LOG] SystemI::createSoundInternal             : exinfo->userclose          = 00007FFCEE5F3C60
[LOG] SystemI::createSoundInternal             : exinfo->userread           = 00007FFCEE5F3D80
[LOG] SystemI::createSoundInternal             : exinfo->userseek           = 00007FFCEE5F3E40
[LOG] SystemI::createSoundInternal             : exinfo->fileuserdata       = 000001956642B8D8
[LOG] SystemI::createSoundInternal             : exinfo->initialseekpostype = 1
[LOG] SystemI::DSPCodecPoolRegister            : register codec pool for pool type 5
[LOG] SystemI::createSoundInternal             : Sample 0/1: name='Impact Plastic 6', format=5, channels=2, frequency=48000, lengthbytes=6560, lengthpcm=24000, pcmblocksize=0, loopstart=0, loopend=0, mode=0x00000000, channelmask=0x00000000, channelorder=0, peakvolume=0.344330.
[LOG] SystemI::createSoundInternal             : Create name='', mode=0x02000202
[LOG] SystemI::createSoundInternal             : exinfo->cbsize             = 224
[LOG] SystemI::createSoundInternal             : exinfo->length             = 1632544
[LOG] SystemI::createSoundInternal             : exinfo->fileoffset         = 48576
[LOG] SystemI::createSoundInternal             : exinfo->numsubsounds       = 1
[LOG] SystemI::createSoundInternal             : exinfo->inclusionlist      = 00000003B09FF0C8
[LOG] SystemI::createSoundInternal             : exinfo->inclusionlistnum   = 1
[LOG] SystemI::createSoundInternal             : exinfo->suggestedsoundtype = 5
[LOG] SystemI::createSoundInternal             : exinfo->useropen           = 00007FFCEE5F3CA0
[LOG] SystemI::createSoundInternal             : exinfo->userclose          = 00007FFCEE5F3C60
[LOG] SystemI::createSoundInternal             : exinfo->userread           = 00007FFCEE5F3D80
[LOG] SystemI::createSoundInternal             : exinfo->userseek           = 00007FFCEE5F3E40
[LOG] SystemI::createSoundInternal             : exinfo->fileuserdata       = 000001956642B8D8
[LOG] SystemI::createSoundInternal             : exinfo->initialseekpostype = 1
[LOG] SystemI::DSPCodecPoolRegister            : register codec pool for pool type 5
[LOG] SystemI::createSoundInternal             : Sample 0/1: name='Impact Concrete 3', format=5, channels=2, frequency=48000, lengthbytes=7200, lengthpcm=48000, pcmblocksize=0, loopstart=0, loopend=0, mode=0x00000000, channelmask=0x00000000, channelorder=0, peakvolume=0.245178.
[LOG] SystemI::createSoundInternal             : Create name='', mode=0x02000202
[LOG] SystemI::createSoundInternal             : exinfo->cbsize             = 224
[LOG] SystemI::createSoundInternal             : exinfo->length             = 1632544
[LOG] SystemI::createSoundInternal             : exinfo->fileoffset         = 48576
[LOG] SystemI::createSoundInternal             : exinfo->numsubsounds       = 1
[LOG] SystemI::createSoundInternal             : exinfo->inclusionlist      = 00000003B09FF0C8
[LOG] SystemI::createSoundInternal             : exinfo->inclusionlistnum   = 1
[LOG] SystemI::createSoundInternal             : exinfo->suggestedsoundtype = 5
[LOG] SystemI::createSoundInternal             : exinfo->useropen           = 00007FFCEE5F3CA0
[LOG] SystemI::createSoundInternal             : exinfo->userclose          = 00007FFCEE5F3C60
[LOG] SystemI::createSoundInternal             : exinfo->userread           = 00007FFCEE5F3D80
[LOG] SystemI::createSoundInternal             : exinfo->userseek           = 00007FFCEE5F3E40
[LOG] SystemI::createSoundInternal             : exinfo->fileuserdata       = 000001956642B8D8
[LOG] SystemI::createSoundInternal             : exinfo->initialseekpostype = 1
[LOG] SystemI::DSPCodecPoolRegister            : register codec pool for pool type 5
[LOG] SystemI::createSoundInternal             : Sample 0/1: name='Impact Plastic 3', format=5, channels=2, frequency=48000, lengthbytes=6272, lengthpcm=24000, pcmblocksize=0, loopstart=0, loopend=0, mode=0x00000000, channelmask=0x00000000, channelorder=0, peakvolume=0.214172.
[LOG] SystemI::createSoundInternal             : Create name='', mode=0x02000202
[LOG] SystemI::createSoundInternal             : exinfo->cbsize             = 224
[LOG] SystemI::createSoundInternal             : exinfo->length             = 1632544
[LOG] SystemI::createSoundInternal             : exinfo->fileoffset         = 48576
[LOG] SystemI::createSoundInternal             : exinfo->numsubsounds       = 1
[LOG] SystemI::createSoundInternal             : exinfo->inclusionlist      = 00000003B09FF0C8
[LOG] SystemI::createSoundInternal             : exinfo->inclusionlistnum   = 1
[LOG] SystemI::createSoundInternal             : exinfo->suggestedsoundtype = 5
[LOG] SystemI::createSoundInternal             : exinfo->useropen           = 00007FFCEE5F3CA0
[LOG] SystemI::createSoundInternal             : exinfo->userclose          = 00007FFCEE5F3C60
[LOG] SystemI::createSoundInternal             : exinfo->userread           = 00007FFCEE5F3D80
[LOG] SystemI::createSoundInternal             : exinfo->userseek           = 00007FFCEE5F3E40
[LOG] SystemI::createSoundInternal             : exinfo->fileuserdata       = 000001956642B8D8
[LOG] SystemI::createSoundInternal             : exinfo->initialseekpostype = 1
[LOG] SystemI::DSPCodecPoolRegister            : register codec pool for pool type 5
[LOG] SystemI::createSoundInternal             : Sample 0/1: name='Impact Concrete 1', format=5, channels=2, frequency=48000, lengthbytes=7968, lengthpcm=48000, pcmblocksize=0, loopstart=0, loopend=0, mode=0x00000000, channelmask=0x00000000, channelorder=0, peakvolume=0.353394.
[LOG] SystemI::createSoundInternal             : Create name='', mode=0x02000202
[LOG] SystemI::createSoundInternal             : exinfo->cbsize             = 224
[LOG] SystemI::createSoundInternal             : exinfo->length             = 1632544
[LOG] SystemI::createSoundInternal             : exinfo->fileoffset         = 48576
[LOG] SystemI::createSoundInternal             : exinfo->numsubsounds       = 1
[LOG] SystemI::createSoundInternal             : exinfo->inclusionlist      = 00000003B09FF0C8
[LOG] SystemI::createSoundInternal             : exinfo->inclusionlistnum   = 1
[LOG] SystemI::createSoundInternal             : exinfo->suggestedsoundtype = 5
[LOG] SystemI::createSoundInternal             : exinfo->useropen           = 00007FFCEE5F3CA0
[LOG] SystemI::createSoundInternal             : exinfo->userclose          = 00007FFCEE5F3C60
[LOG] SystemI::createSoundInternal             : exinfo->userread           = 00007FFCEE5F3D80
[LOG] SystemI::createSoundInternal             : exinfo->userseek           = 00007FFCEE5F3E40
[LOG] SystemI::createSoundInternal             : exinfo->fileuserdata       = 000001956642B8D8
[LOG] SystemI::createSoundInternal             : exinfo->initialseekpostype = 1
[LOG] SystemI::DSPCodecPoolRegister            : register codec pool for pool type 5
[LOG] SystemI::createSoundInternal             : Sample 0/1: name='Impact Plastic 1', format=5, channels=2, frequency=48000, lengthbytes=6304, lengthpcm=24000, pcmblocksize=0, loopstart=0, loopend=0, mode=0x00000000, channelmask=0x00000000, channelorder=0, peakvolume=0.335297.
[LOG] SystemI::createSoundInternal             : Create name='', mode=0x02000202
[LOG] SystemI::createSoundInternal             : exinfo->cbsize             = 224
[LOG] SystemI::createSoundInternal             : exinfo->length             = 1632544
[LOG] SystemI::createSoundInternal             : exinfo->fileoffset         = 48576
[LOG] SystemI::createSoundInternal             : exinfo->numsubsounds       = 1
[LOG] SystemI::createSoundInternal             : exinfo->inclusionlist      = 00000003B09FF0C8
[LOG] SystemI::createSoundInternal             : exinfo->inclusionlistnum   = 1
[LOG] SystemI::createSoundInternal             : exinfo->suggestedsoundtype = 5
[LOG] SystemI::createSoundInternal             : exinfo->useropen           = 00007FFCEE5F3CA0
[LOG] SystemI::createSoundInternal             : exinfo->userclose          = 00007FFCEE5F3C60
[LOG] SystemI::createSoundInternal             : exinfo->userread           = 00007FFCEE5F3D80
[LOG] SystemI::createSoundInternal             : exinfo->userseek           = 00007FFCEE5F3E40
[LOG] SystemI::createSoundInternal             : exinfo->fileuserdata       = 000001956642B8D8
[LOG] SystemI::createSoundInternal             : exinfo->initialseekpostype = 1
[LOG] SystemI::DSPCodecPoolRegister            : register codec pool for pool type 5
[LOG] SystemI::createSoundInternal             : Sample 0/1: name='Impact Concrete 2', format=5, channels=2, frequency=48000, lengthbytes=7136, lengthpcm=48000, pcmblocksize=0, loopstart=0, loopend=0, mode=0x00000000, channelmask=0x00000000, channelorder=0, peakvolume=0.232544.
[LOG] SystemI::createSoundInternal             : Create name='', mode=0x02000202
[LOG] SystemI::createSoundInternal             : exinfo->cbsize             = 224
[LOG] SystemI::createSoundInternal             : exinfo->length             = 1632544
[LOG] SystemI::createSoundInternal             : exinfo->fileoffset         = 48576
[LOG] SystemI::createSoundInternal             : exinfo->numsubsounds       = 1
[LOG] SystemI::createSoundInternal             : exinfo->inclusionlist      = 00000003B09FF0C8
[LOG] SystemI::createSoundInternal             : exinfo->inclusionlistnum   = 1
[LOG] SystemI::createSoundInternal             : exinfo->suggestedsoundtype = 5
[LOG] SystemI::createSoundInternal             : exinfo->useropen           = 00007FFCEE5F3CA0
[LOG] SystemI::createSoundInternal             : exinfo->userclose          = 00007FFCEE5F3C60
[LOG] SystemI::createSoundInternal             : exinfo->userread           = 00007FFCEE5F3D80
[LOG] SystemI::createSoundInternal             : exinfo->userseek           = 00007FFCEE5F3E40
[LOG] SystemI::createSoundInternal             : exinfo->fileuserdata       = 000001956642B8D8
[LOG] SystemI::createSoundInternal             : exinfo->initialseekpostype = 1
[LOG] SystemI::DSPCodecPoolRegister            : register codec pool for pool type 5
[LOG] SystemI::createSoundInternal             : Sample 0/1: name='Impact Plastic 4', format=5, channels=2, frequency=48000, lengthbytes=6240, lengthpcm=24000, pcmblocksize=0, loopstart=0, loopend=0, mode=0x00000000, channelmask=0x00000000, channelorder=0, peakvolume=0.327362.
[LOG] SoundI::release                          :  (00000195685E89A8)
[LOG] SoundI::release                          :     Button Hover 1 (0000019560AB10A8)
[LOG] SoundI::release                          :  (00000195685E8B18)
[LOG] SoundI::release                          :     Button Click 2 (0000019560AB1F48)
[LOG] SoundI::release                          :  (000001966CBF2038)
[LOG] SoundI::release                          :     Impact Plastic 1 (000001936F34A6B8)
[LOG] SoundI::release                          :  (000001966CBF1BE8)
[LOG] SoundI::release                          :     Impact Plastic 6 (000001936F7E9E08)
[LOG] SoundI::release                          :  (000001956814C1B8)
[LOG] SoundI::release                          :     Impact Plastic 5 (000001936F7EA968)
[LOG] SoundI::release                          :  (000001966CBF1908)
[LOG] SoundI::release                          :     Impact Plastic 4 (000001936F34B218)
[LOG] SoundI::release                          :  (000001966CBF25F8)
[LOG] SoundI::release                          :     Impact Plastic 3 (000001936F7EA148)
[LOG] SoundI::release                          :  (000001956814C498)
[LOG] SoundI::release                          :     Impact Plastic 2 (000001936F7E7A48)
[LOG] SoundI::release                          :  (000001966CBF1D58)
[LOG] SoundI::release                          :     Impact Concrete 1 (000001936F34A9F8)
[LOG] SoundI::release                          :  (000001966CBF21A8)
[LOG] SoundI::release                          :     Impact Concrete 2 (000001936F34B078)
[LOG] SoundI::release                          :  (000001956814C048)
[LOG] SoundI::release                          :     Impact Metal 1 (000001936F7E7568)
[LOG] SoundI::release                          :  (000001966CBF2488)
[LOG] SoundI::release                          :     Impact Concrete 3 (000001936F7E80C8)
[LOG] SoundI::release                          :  (000001956814C328)
[LOG] SoundI::release                          :     Impact Concrete 5 (000001936F7E9448)
[LOG] SoundI::release                          :  (000001956814BED8)
[LOG] SoundI::release                          :     Impact Concrete 4 (000001936F7E9788)
[LOG] SoundI::release                          :  (00000195685E83E8)
[LOG] SoundI::release                          :     Marble Roll 2 (0000019560AB1588)
[LOG] SoundI::release                          : SFX_MovementWind (000001963D6E28D8)
[LOG] SoundI::release                          :     SFX_MovementWind (0000019560AB13E8)
[LOG] SoundI::release                          :     SFX_MovementWind (000001963D6E2218)
[LOG] SoundI::release                          : Gameplay Music (000001963D6E3B68)
[LOG] SoundI::release                          :     Gameplay Music (0000019560AB25C8)
[LOG] SoundI::release                          :     Gameplay Music (000001963D6E3808)
[LOG] SoundI::release                          :  (00000195685E8278)
[LOG] SoundI::release                          :     Marble Roll 3 (0000019560AB1C08)
[LOG] SoundI::release                          :  (0000019378D55158)
[LOG] SoundI::release                          :     Marble Roll 4 (000001936F7EA488)
[LOG] SoundI::release                          :  (00000195685E8108)
[LOG] SoundI::release                          :     Marble Roll 1 (0000019560AB2AA8)
[LOG] SoundI::release                          :  (00000195685E8838)
[LOG] SoundI::release                          :     SFX_MarbleRoll (0000019560AB1728)
[LOG] Thread::callback                         : FMOD Studio update thread finished.
[LOG] Thread::callback                         : FMOD Studio bank load thread finished.
[LOG] Profile::disconnectAll                   : Profiler disconnecting all clients
[LOG] Thread::callback                         : FMOD Studio sample load thread finished.
[LOG] LiveUpdate::release                      : 
[LOG] LiveUpdate::reset                        : Reset connection (reason Disconnected)
[LOG] Thread::callback                         : FMOD stream thread finished.
[LOG] Thread::callback                         : FMOD mixer thread finished.
[LOG] Profile::disconnectAll                   : Profiler disconnecting all clients
[LOG] SystemI::close                           : Closed.
[LOG] Thread::callback                         : FMOD Studio bank load thread finished.
[LOG] Thread::callback                         : FMOD Studio sample load thread finished.
[LOG] LiveUpdate::release                      : 
[LOG] LiveUpdate::reset                        : Reset connection (reason Disconnected)
[LOG] Thread::callback                         : FMOD stream thread finished.
[LOG] Thread::callback                         : FMOD mixer thread finished.
[LOG] SystemI::close                           : Closed.
[LOG] Thread::callback                         : FMOD nonblocking thread (0) finished.
[LOG] Thread::callback                         : FMOD file thread finished.
