Using pre-set license
Built from '2021.3/release' branch; Version is '2021.3.12f1 (8af3c3e441b1) revision 9106371'; Using compiler version '192829333'; Build Type 'Release'
OS: 'Windows 11  (10.0.22621) 64bit Core' Language: 'pt' Physical Memory: 32540 MB
BatchMode: 1, IsHumanControllingUs: 0, StartBugReporterOnCrash: 0, Is64bit: 1, IsPro: 1

COMMAND LINE ARGUMENTS:
C:\Program Files\Unity\Hub\Editor\2021.3.12f1\Editor\Unity.exe
-adb2
-batchMode
-noUpm
-name
AssetImportWorker2
-projectPath
C:/Users/Diogo/Documents/GitHub/3D-Creator-Puzzle-Kit
-logFile
Logs/AssetImportWorker2.log
-srvPort
62717
Successfully changed project path to: C:/Users/Diogo/Documents/GitHub/3D-Creator-Puzzle-Kit
C:/Users/Diogo/Documents/GitHub/3D-Creator-Puzzle-Kit
[UnityMemory] Configuration Parameters - Can be set up in boot.config
    "memorysetup-bucket-allocator-granularity=16"
    "memorysetup-bucket-allocator-bucket-count=8"
    "memorysetup-bucket-allocator-block-size=33554432"
    "memorysetup-bucket-allocator-block-count=8"
    "memorysetup-main-allocator-block-size=16777216"
    "memorysetup-thread-allocator-block-size=16777216"
    "memorysetup-gfx-main-allocator-block-size=16777216"
    "memorysetup-gfx-thread-allocator-block-size=16777216"
    "memorysetup-cache-allocator-block-size=4194304"
    "memorysetup-typetree-allocator-block-size=2097152"
    "memorysetup-profiler-bucket-allocator-granularity=16"
    "memorysetup-profiler-bucket-allocator-bucket-count=8"
    "memorysetup-profiler-bucket-allocator-block-size=33554432"
    "memorysetup-profiler-bucket-allocator-block-count=8"
    "memorysetup-profiler-allocator-block-size=16777216"
    "memorysetup-profiler-editor-allocator-block-size=1048576"
    "memorysetup-temp-allocator-size-main=16777216"
    "memorysetup-job-temp-allocator-block-size=2097152"
    "memorysetup-job-temp-allocator-block-size-background=1048576"
    "memorysetup-job-temp-allocator-reduction-small-platforms=262144"
    "memorysetup-temp-allocator-size-background-worker=32768"
    "memorysetup-temp-allocator-size-job-worker=262144"
    "memorysetup-temp-allocator-size-preload-manager=33554432"
    "memorysetup-temp-allocator-size-nav-mesh-worker=65536"
    "memorysetup-temp-allocator-size-audio-worker=65536"
    "memorysetup-temp-allocator-size-cloud-worker=32768"
    "memorysetup-temp-allocator-size-gi-baking-worker=262144"
    "memorysetup-temp-allocator-size-gfx=262144"
Refreshing native plugins compatible for Editor in 73.04 ms, found 5 plugins.
Preloading 0 native plugins for Editor in 0.00 ms.
Initialize engine version: 2021.3.12f1 (8af3c3e441b1)
[Subsystems] Discovering subsystems at path C:/Program Files/Unity/Hub/Editor/2021.3.12f1/Editor/Data/Resources/UnitySubsystems
[Subsystems] Discovering subsystems at path C:/Users/Diogo/Documents/GitHub/3D-Creator-Puzzle-Kit/Assets
GfxDevice: creating device client; threaded=0; jobified=0
Direct3D:
    Version:  Direct3D 11.0 [level 11.1]
    Renderer: Intel(R) UHD Graphics 770 (ID=0x4680)
    Vendor:   Intel
    VRAM:     16270 MB
    Driver:   31.0.101.3302
Initialize mono
Mono path[0] = 'C:/Program Files/Unity/Hub/Editor/2021.3.12f1/Editor/Data/Managed'
Mono path[1] = 'C:/Program Files/Unity/Hub/Editor/2021.3.12f1/Editor/Data/MonoBleedingEdge/lib/mono/unityjit-win32'
Mono config path = 'C:/Program Files/Unity/Hub/Editor/2021.3.12f1/Editor/Data/MonoBleedingEdge/etc'
Using monoOptions --debugger-agent=transport=dt_socket,embedding=1,server=y,suspend=n,address=127.0.0.1:56804
Begin MonoManager ReloadAssembly
Registering precompiled unity dll's ...
Register platform support module: C:/Program Files/Unity/Hub/Editor/2021.3.12f1/Editor/Data/PlaybackEngines/WindowsStandaloneSupport/UnityEditor.WindowsStandalone.Extensions.dll
Registered in 0.002616 seconds.
Native extension for WindowsStandalone target not found
Refreshing native plugins compatible for Editor in 63.78 ms, found 5 plugins.
Preloading 0 native plugins for Editor in 0.00 ms.
Mono: successfully reloaded assembly
- Completed reload, in  0.385 seconds
Domain Reload Profiling:
	ReloadAssembly (385ms)
		BeginReloadAssembly (41ms)
			ExecutionOrderSort (0ms)
			DisableScriptedObjects (0ms)
			BackupInstance (0ms)
			ReleaseScriptingObjects (0ms)
			CreateAndSetChildDomain (0ms)
		EndReloadAssembly (280ms)
			LoadAssemblies (40ms)
			RebuildTransferFunctionScriptingTraits (0ms)
			SetupTypeCache (65ms)
			ReleaseScriptCaches (0ms)
			RebuildScriptCaches (15ms)
			SetupLoadedEditorAssemblies (167ms)
				LogAssemblyErrors (0ms)
				InitializePlatformSupportModulesInManaged (5ms)
				SetLoadedEditorAssemblies (0ms)
				RefreshPlugins (64ms)
				BeforeProcessingInitializeOnLoad (1ms)
				ProcessInitializeOnLoadAttributes (72ms)
				ProcessInitializeOnLoadMethodAttributes (26ms)
				AfterProcessingInitializeOnLoad (0ms)
				EditorAssembliesLoaded (0ms)
			ExecutionOrderSort2 (0ms)
			AwakeInstancesAfterBackupRestoration (0ms)
Platform modules already initialized, skipping
Registering precompiled user dll's ...
Registered in 0.004598 seconds.
Begin MonoManager ReloadAssembly
Symbol file LoadedFromMemory doesn't match image C:\Users\Diogo\Documents\GitHub\3D-Creator-Puzzle-Kit\Library\PackageCache\com.unity.visualscripting@1.7.8\Editor\VisualScripting.Core\Dependencies\DotNetZip\Unity.VisualScripting.IonicZip.dll
Symbol file LoadedFromMemory doesn't match image C:\Users\Diogo\Documents\GitHub\3D-Creator-Puzzle-Kit\Library\PackageCache\com.unity.visualscripting@1.7.8\Editor\VisualScripting.Core\Dependencies\YamlDotNet\Unity.VisualScripting.YamlDotNet.dll
Native extension for WindowsStandalone target not found
Refreshing native plugins compatible for Editor in 0.96 ms, found 5 plugins.
Preloading 0 native plugins for Editor in 0.00 ms.
Package Manager log level set to [2]
Mono: successfully reloaded assembly
- Completed reload, in  0.705 seconds
Domain Reload Profiling:
	ReloadAssembly (705ms)
		BeginReloadAssembly (61ms)
			ExecutionOrderSort (0ms)
			DisableScriptedObjects (3ms)
			BackupInstance (0ms)
			ReleaseScriptingObjects (0ms)
			CreateAndSetChildDomain (12ms)
		EndReloadAssembly (573ms)
			LoadAssemblies (48ms)
			RebuildTransferFunctionScriptingTraits (0ms)
			SetupTypeCache (205ms)
			ReleaseScriptCaches (0ms)
			RebuildScriptCaches (40ms)
			SetupLoadedEditorAssemblies (246ms)
				LogAssemblyErrors (0ms)
				InitializePlatformSupportModulesInManaged (4ms)
				SetLoadedEditorAssemblies (0ms)
				RefreshPlugins (1ms)
				BeforeProcessingInitializeOnLoad (58ms)
				ProcessInitializeOnLoadAttributes (155ms)
				ProcessInitializeOnLoadMethodAttributes (23ms)
				AfterProcessingInitializeOnLoad (4ms)
				EditorAssembliesLoaded (0ms)
			ExecutionOrderSort2 (0ms)
			AwakeInstancesAfterBackupRestoration (4ms)
Platform modules already initialized, skipping
========================================================================
Worker process is ready to serve import requests
Launched and connected shader compiler UnityShaderCompiler.exe after 0.02 seconds
Refreshing native plugins compatible for Editor in 0.70 ms, found 5 plugins.
Preloading 0 native plugins for Editor in 0.00 ms.
Unloading 4145 Unused Serialized files (Serialized files now loaded: 0)
Unloading 125 unused Assets / (1.4 MB). Loaded Objects now: 4524.
Memory consumption went from 151.5 MB to 150.1 MB.
Total: 2.589400 ms (FindLiveObjects: 0.193700 ms CreateObjectMapping: 0.100800 ms MarkObjects: 2.060400 ms  DeleteObjects: 0.233500 ms)

AssetImportParameters requested are different than current active one (requested -> active):
  custom:video-decoder-ogg-theora: a1e56fd34408186e4bbccfd4996cb3dc -> 
  custom:container-muxer-webm: aa71ff27fc2769a1b78a27578f13a17b -> 
  custom:container-demuxer-webm: 4f35f7cbe854078d1ac9338744f61a02 -> 
  custom:video-encoder-webm-vp8: eb34c28f22e8b96e1ab97ce403110664 -> 
  custom:audio-encoder-webm-vorbis: bf7c407c2cedff20999df2af8eb42d56 -> 
  custom:framework-win-MediaFoundation: 216162199b28c13a410421893ffa2e32 -> 
  custom:container-demuxer-ogg: 62fdf1f143b41e24485cea50d1cbac27 -> 
  custom:video-decoder-webm-vp8: 9c59270c3fd7afecdb556c50c9e8de78 -> 
  custom:audio-decoder-ogg-vorbis: bf7c407c2cedff20999df2af8eb42d56 -> 
========================================================================
Received Import Request.
  Time since last request: 13672.679524 seconds.
  path: Assets/Plugins/FMOD/Project/3D-Creator-Puzzle-Kit/Assets/Marble Roll 3.ogg
  artifactKey: Guid(9328018ebef8d944a8d673c13a1d6a4f) Importer(815301076,1909f56bfc062723c751e8b465ee728b)
Start importing Assets/Plugins/FMOD/Project/3D-Creator-Puzzle-Kit/Assets/Marble Roll 3.ogg using Guid(9328018ebef8d944a8d673c13a1d6a4f) Importer(815301076,1909f56bfc062723c751e8b465ee728b)  -> (artifact id: '53ed1fc4ea9f166313f75eb5aa73d542') in 0.104137 seconds 
========================================================================
Received Import Request.
  Time since last request: 17.740633 seconds.
  path: Assets/Creator Kit - Puzzle/Prefabs/OnePerLevel/Marble.prefab
  artifactKey: Guid(47a7dae5249c1da449a9c374793537ba) Importer(815301076,1909f56bfc062723c751e8b465ee728b)
Start importing Assets/Creator Kit - Puzzle/Prefabs/OnePerLevel/Marble.prefab using Guid(47a7dae5249c1da449a9c374793537ba) Importer(815301076,1909f56bfc062723c751e8b465ee728b)  -> (artifact id: 'ad8974f28c00827ea6b1f3f3970592d2') in 0.029077 seconds 
========================================================================
Received Import Request.
  Time since last request: 30.415281 seconds.
  path: Assets/Creator Kit - Puzzle/Prefabs/OnePerLevel/Marble.prefab
  artifactKey: Guid(47a7dae5249c1da449a9c374793537ba) Importer(815301076,1909f56bfc062723c751e8b465ee728b)
Start importing Assets/Creator Kit - Puzzle/Prefabs/OnePerLevel/Marble.prefab using Guid(47a7dae5249c1da449a9c374793537ba) Importer(815301076,1909f56bfc062723c751e8b465ee728b)  -> (artifact id: '982ffeed3be90eb92568f73e5fa97027') in 0.012215 seconds 
========================================================================
Received Import Request.
  Time since last request: 1.792565 seconds.
  path: Assets/Creator Kit - Puzzle/Prefabs/OnePerLevel/Marble.prefab
  artifactKey: Guid(47a7dae5249c1da449a9c374793537ba) Importer(815301076,1909f56bfc062723c751e8b465ee728b)
Start importing Assets/Creator Kit - Puzzle/Prefabs/OnePerLevel/Marble.prefab using Guid(47a7dae5249c1da449a9c374793537ba) Importer(815301076,1909f56bfc062723c751e8b465ee728b)  -> (artifact id: 'e46f9fe2be43234151c9180df6260df0') in 0.009532 seconds 
========================================================================
Received Import Request.
  Time since last request: 2.427311 seconds.
  path: Assets/Creator Kit - Puzzle/Prefabs/OnePerLevel/Marble.prefab
  artifactKey: Guid(47a7dae5249c1da449a9c374793537ba) Importer(815301076,1909f56bfc062723c751e8b465ee728b)
Start importing Assets/Creator Kit - Puzzle/Prefabs/OnePerLevel/Marble.prefab using Guid(47a7dae5249c1da449a9c374793537ba) Importer(815301076,1909f56bfc062723c751e8b465ee728b)  -> (artifact id: 'b73b1d5593227062c9db78d5de3fdaad') in 0.011982 seconds 
========================================================================
Received Import Request.
  Time since last request: 0.776446 seconds.
  path: Assets/Creator Kit - Puzzle/Prefabs/OnePerLevel/Marble.prefab
  artifactKey: Guid(47a7dae5249c1da449a9c374793537ba) Importer(815301076,1909f56bfc062723c751e8b465ee728b)
Start importing Assets/Creator Kit - Puzzle/Prefabs/OnePerLevel/Marble.prefab using Guid(47a7dae5249c1da449a9c374793537ba) Importer(815301076,1909f56bfc062723c751e8b465ee728b)  -> (artifact id: 'f6635582b5e5730205dc2819660410a4') in 0.009188 seconds 
========================================================================
Received Import Request.
  Time since last request: 97.573484 seconds.
  path: Assets/Plugins/FMOD/Cache/Editor/FMODStudioCache.asset
  artifactKey: Guid(0b6904103cbb08949987542420195582) Importer(815301076,1909f56bfc062723c751e8b465ee728b)
Start importing Assets/Plugins/FMOD/Cache/Editor/FMODStudioCache.asset using Guid(0b6904103cbb08949987542420195582) Importer(815301076,1909f56bfc062723c751e8b465ee728b)  -> (artifact id: 'd46275e233cad147a1958e695a73b22e') in 0.006448 seconds 
========================================================================
Received Import Request.
  Time since last request: 165.641185 seconds.
  path: Assets/Creator Kit - Puzzle/Scripts/InteractivePuzzlePieces/InteractivePuzzlePiece.cs
  artifactKey: Guid(62cd3c31699c9204eb8f5a254ab9028c) Importer(815301076,1909f56bfc062723c751e8b465ee728b)
Start importing Assets/Creator Kit - Puzzle/Scripts/InteractivePuzzlePieces/InteractivePuzzlePiece.cs using Guid(62cd3c31699c9204eb8f5a254ab9028c) Importer(815301076,1909f56bfc062723c751e8b465ee728b)  -> (artifact id: 'ec8ae6b626c712798eb895bb84e87b5c') in 0.007792 seconds 
========================================================================
Received Import Request.
  Time since last request: 259.039239 seconds.
  path: Assets/Creator Kit - Puzzle/Scripts/LayoutSystem
  artifactKey: Guid(d7ec694bb53c4264dbc2e25b39576dee) Importer(815301076,1909f56bfc062723c751e8b465ee728b)
Start importing Assets/Creator Kit - Puzzle/Scripts/LayoutSystem using Guid(d7ec694bb53c4264dbc2e25b39576dee) Importer(815301076,1909f56bfc062723c751e8b465ee728b)  -> (artifact id: 'b20b4f99ca8947798b5b236c2bc640ed') in 0.005881 seconds 
========================================================================
Received Import Request.
  Time since last request: 2.941406 seconds.
  path: Assets/Creator Kit - Puzzle/Scripts/SceneSystems
  artifactKey: Guid(c54d76755fd3e894891be5061d08ef93) Importer(815301076,1909f56bfc062723c751e8b465ee728b)
Start importing Assets/Creator Kit - Puzzle/Scripts/SceneSystems using Guid(c54d76755fd3e894891be5061d08ef93) Importer(815301076,1909f56bfc062723c751e8b465ee728b)  -> (artifact id: '6e2820a74c4322e0f36054e789c3a28b') in 0.002214 seconds 
========================================================================
Received Import Request.
  Time since last request: 76.025554 seconds.
  path: Assets/Creator Kit - Puzzle/Scenes/ExampleScenes/ExampleMenu.unity
  artifactKey: Guid(0d85e03bacb199f408b4439fac4e3d46) Importer(815301076,1909f56bfc062723c751e8b465ee728b)
Start importing Assets/Creator Kit - Puzzle/Scenes/ExampleScenes/ExampleMenu.unity using Guid(0d85e03bacb199f408b4439fac4e3d46) Importer(815301076,1909f56bfc062723c751e8b465ee728b)  -> (artifact id: '452aec87d96bd817fb57a83be9d7d891') in 0.004730 seconds 
========================================================================
Received Import Request.
  Time since last request: 63.990742 seconds.
  path: Assets/Creator Kit - Puzzle/Audio/BGM/BGM_Finish.ogg
  artifactKey: Guid(39dc4b46e9ad5ec4aaade9891ef89518) Importer(815301076,1909f56bfc062723c751e8b465ee728b)
Start importing Assets/Creator Kit - Puzzle/Audio/BGM/BGM_Finish.ogg using Guid(39dc4b46e9ad5ec4aaade9891ef89518) Importer(815301076,1909f56bfc062723c751e8b465ee728b)  -> (artifact id: '4f011c2430e84a07d726aba7948d448c') in 0.007891 seconds 
========================================================================
Received Import Request.
  Time since last request: 0.000600 seconds.
  path: Assets/Creator Kit - Puzzle/Art/Textures/Environment/Concrete_Normal.tif
  artifactKey: Guid(1bb6ec0f54c2e134893d4474ebbd7410) Importer(815301076,1909f56bfc062723c751e8b465ee728b)
Start importing Assets/Creator Kit - Puzzle/Art/Textures/Environment/Concrete_Normal.tif using Guid(1bb6ec0f54c2e134893d4474ebbd7410) Importer(815301076,1909f56bfc062723c751e8b465ee728b)  -> (artifact id: 'eef3310e9a84be65cbfc66d1f2ade4da') in 0.016101 seconds 
========================================================================
Received Import Request.
  Time since last request: 0.000025 seconds.
  path: Assets/Creator Kit - Puzzle/Art/Textures/Environment/Concrete_Metallic.tif
  artifactKey: Guid(398abb2556dc02e418ea2d784f023bdb) Importer(815301076,1909f56bfc062723c751e8b465ee728b)
Start importing Assets/Creator Kit - Puzzle/Art/Textures/Environment/Concrete_Metallic.tif using Guid(398abb2556dc02e418ea2d784f023bdb) Importer(815301076,1909f56bfc062723c751e8b465ee728b)  -> (artifact id: 'ada5d37c13da3bcb5805ae690ae1c619') in 0.010910 seconds 
========================================================================
Received Import Request.
  Time since last request: 0.000041 seconds.
  path: Assets/Creator Kit - Puzzle/Prefabs/NestedUI/FaderImage.prefab
  artifactKey: Guid(e4da06d0622348f4c9e388a0c2aaf727) Importer(815301076,1909f56bfc062723c751e8b465ee728b)
Start importing Assets/Creator Kit - Puzzle/Prefabs/NestedUI/FaderImage.prefab using Guid(e4da06d0622348f4c9e388a0c2aaf727) Importer(815301076,1909f56bfc062723c751e8b465ee728b)  -> (artifact id: 'cb7c1a92f91cff26ce66de957c02dedc') in 0.007416 seconds 
========================================================================
Received Import Request.
  Time since last request: 0.000019 seconds.
  path: Assets/Creator Kit - Puzzle/Prefabs/OnePerMenu/EventSystem.prefab
  artifactKey: Guid(3b1dd7f41e5e83c46ab8c85b7fc9544e) Importer(815301076,1909f56bfc062723c751e8b465ee728b)
Start importing Assets/Creator Kit - Puzzle/Prefabs/OnePerMenu/EventSystem.prefab using Guid(3b1dd7f41e5e83c46ab8c85b7fc9544e) Importer(815301076,1909f56bfc062723c751e8b465ee728b)  -> (artifact id: '46309510fadfaef95414bc68517b02b9') in 0.003663 seconds 
Editor requested this worker to shutdown with reason: Scaling down because of idle timeout
AssetImportWorkerClient::OnTransportError - code=2 error=End of file
AssetImportWorker is now disconnected from the server
Process exiting
Exiting without the bug reporter. Application will terminate with return code 0