Using pre-set license
Built from '2021.3/release' branch; Version is '2021.3.12f1 (8af3c3e441b1) revision 9106371'; Using compiler version '192829333'; Build Type 'Release'
OS: 'Windows 11  (10.0.22621) 64bit Core' Language: 'pt' Physical Memory: 32540 MB
BatchMode: 1, IsHumanControllingUs: 0, StartBugReporterOnCrash: 0, Is64bit: 1, IsPro: 1

COMMAND LINE ARGUMENTS:
C:\Program Files\Unity\Hub\Editor\2021.3.12f1\Editor\Unity.exe
-adb2
-batchMode
-noUpm
-name
AssetImportWorker4
-projectPath
C:/Users/Diogo/Documents/GitHub/3D-Creator-Puzzle-Kit
-logFile
Logs/AssetImportWorker4.log
-srvPort
65172
Successfully changed project path to: C:/Users/Diogo/Documents/GitHub/3D-Creator-Puzzle-Kit
C:/Users/Diogo/Documents/GitHub/3D-Creator-Puzzle-Kit
[UnityMemory] Configuration Parameters - Can be set up in boot.config
    "memorysetup-bucket-allocator-granularity=16"
    "memorysetup-bucket-allocator-bucket-count=8"
    "memorysetup-bucket-allocator-block-size=33554432"
    "memorysetup-bucket-allocator-block-count=8"
    "memorysetup-main-allocator-block-size=16777216"
    "memorysetup-thread-allocator-block-size=16777216"
    "memorysetup-gfx-main-allocator-block-size=16777216"
    "memorysetup-gfx-thread-allocator-block-size=16777216"
    "memorysetup-cache-allocator-block-size=4194304"
    "memorysetup-typetree-allocator-block-size=2097152"
    "memorysetup-profiler-bucket-allocator-granularity=16"
    "memorysetup-profiler-bucket-allocator-bucket-count=8"
    "memorysetup-profiler-bucket-allocator-block-size=33554432"
    "memorysetup-profiler-bucket-allocator-block-count=8"
    "memorysetup-profiler-allocator-block-size=16777216"
    "memorysetup-profiler-editor-allocator-block-size=1048576"
    "memorysetup-temp-allocator-size-main=16777216"
    "memorysetup-job-temp-allocator-block-size=2097152"
    "memorysetup-job-temp-allocator-block-size-background=1048576"
    "memorysetup-job-temp-allocator-reduction-small-platforms=262144"
    "memorysetup-temp-allocator-size-background-worker=32768"
    "memorysetup-temp-allocator-size-job-worker=262144"
    "memorysetup-temp-allocator-size-preload-manager=33554432"
    "memorysetup-temp-allocator-size-nav-mesh-worker=65536"
    "memorysetup-temp-allocator-size-audio-worker=65536"
    "memorysetup-temp-allocator-size-cloud-worker=32768"
    "memorysetup-temp-allocator-size-gi-baking-worker=262144"
    "memorysetup-temp-allocator-size-gfx=262144"
Refreshing native plugins compatible for Editor in 86.07 ms, found 5 plugins.
Preloading 0 native plugins for Editor in 0.00 ms.
Initialize engine version: 2021.3.12f1 (8af3c3e441b1)
[Subsystems] Discovering subsystems at path C:/Program Files/Unity/Hub/Editor/2021.3.12f1/Editor/Data/Resources/UnitySubsystems
[Subsystems] Discovering subsystems at path C:/Users/Diogo/Documents/GitHub/3D-Creator-Puzzle-Kit/Assets
GfxDevice: creating device client; threaded=0; jobified=0
Direct3D:
    Version:  Direct3D 11.0 [level 11.1]
    Renderer: Intel(R) UHD Graphics 770 (ID=0x4680)
    Vendor:   Intel
    VRAM:     16270 MB
    Driver:   31.0.101.3302
Initialize mono
Mono path[0] = 'C:/Program Files/Unity/Hub/Editor/2021.3.12f1/Editor/Data/Managed'
Mono path[1] = 'C:/Program Files/Unity/Hub/Editor/2021.3.12f1/Editor/Data/MonoBleedingEdge/lib/mono/unityjit-win32'
Mono config path = 'C:/Program Files/Unity/Hub/Editor/2021.3.12f1/Editor/Data/MonoBleedingEdge/etc'
Using monoOptions --debugger-agent=transport=dt_socket,embedding=1,server=y,suspend=n,address=127.0.0.1:56216
Begin MonoManager ReloadAssembly
Registering precompiled unity dll's ...
Register platform support module: C:/Program Files/Unity/Hub/Editor/2021.3.12f1/Editor/Data/PlaybackEngines/WindowsStandaloneSupport/UnityEditor.WindowsStandalone.Extensions.dll
Registered in 0.002489 seconds.
Native extension for WindowsStandalone target not found
Refreshing native plugins compatible for Editor in 61.03 ms, found 5 plugins.
Preloading 0 native plugins for Editor in 0.00 ms.
Mono: successfully reloaded assembly
- Completed reload, in  0.367 seconds
Domain Reload Profiling:
	ReloadAssembly (367ms)
		BeginReloadAssembly (41ms)
			ExecutionOrderSort (0ms)
			DisableScriptedObjects (0ms)
			BackupInstance (0ms)
			ReleaseScriptingObjects (0ms)
			CreateAndSetChildDomain (0ms)
		EndReloadAssembly (265ms)
			LoadAssemblies (39ms)
			RebuildTransferFunctionScriptingTraits (0ms)
			SetupTypeCache (60ms)
			ReleaseScriptCaches (0ms)
			RebuildScriptCaches (14ms)
			SetupLoadedEditorAssemblies (160ms)
				LogAssemblyErrors (0ms)
				InitializePlatformSupportModulesInManaged (4ms)
				SetLoadedEditorAssemblies (0ms)
				RefreshPlugins (61ms)
				BeforeProcessingInitializeOnLoad (1ms)
				ProcessInitializeOnLoadAttributes (68ms)
				ProcessInitializeOnLoadMethodAttributes (25ms)
				AfterProcessingInitializeOnLoad (0ms)
				EditorAssembliesLoaded (0ms)
			ExecutionOrderSort2 (0ms)
			AwakeInstancesAfterBackupRestoration (0ms)
Platform modules already initialized, skipping
Registering precompiled user dll's ...
Registered in 0.004636 seconds.
Begin MonoManager ReloadAssembly
Symbol file LoadedFromMemory doesn't match image C:\Users\Diogo\Documents\GitHub\3D-Creator-Puzzle-Kit\Library\PackageCache\com.unity.visualscripting@1.7.8\Editor\VisualScripting.Core\Dependencies\DotNetZip\Unity.VisualScripting.IonicZip.dll
Symbol file LoadedFromMemory doesn't match image C:\Users\Diogo\Documents\GitHub\3D-Creator-Puzzle-Kit\Library\PackageCache\com.unity.visualscripting@1.7.8\Editor\VisualScripting.Core\Dependencies\YamlDotNet\Unity.VisualScripting.YamlDotNet.dll
Native extension for WindowsStandalone target not found
Refreshing native plugins compatible for Editor in 0.72 ms, found 5 plugins.
Preloading 0 native plugins for Editor in 0.00 ms.
Package Manager log level set to [2]
Mono: successfully reloaded assembly
- Completed reload, in  0.632 seconds
Domain Reload Profiling:
	ReloadAssembly (632ms)
		BeginReloadAssembly (61ms)
			ExecutionOrderSort (0ms)
			DisableScriptedObjects (3ms)
			BackupInstance (0ms)
			ReleaseScriptingObjects (0ms)
			CreateAndSetChildDomain (11ms)
		EndReloadAssembly (503ms)
			LoadAssemblies (48ms)
			RebuildTransferFunctionScriptingTraits (0ms)
			SetupTypeCache (156ms)
			ReleaseScriptCaches (0ms)
			RebuildScriptCaches (35ms)
			SetupLoadedEditorAssemblies (237ms)
				LogAssemblyErrors (0ms)
				InitializePlatformSupportModulesInManaged (3ms)
				SetLoadedEditorAssemblies (0ms)
				RefreshPlugins (1ms)
				BeforeProcessingInitializeOnLoad (54ms)
				ProcessInitializeOnLoadAttributes (151ms)
				ProcessInitializeOnLoadMethodAttributes (23ms)
				AfterProcessingInitializeOnLoad (4ms)
				EditorAssembliesLoaded (0ms)
			ExecutionOrderSort2 (0ms)
			AwakeInstancesAfterBackupRestoration (4ms)
Platform modules already initialized, skipping
========================================================================
Worker process is ready to serve import requests
Launched and connected shader compiler UnityShaderCompiler.exe after 0.02 seconds
Refreshing native plugins compatible for Editor in 0.71 ms, found 5 plugins.
Preloading 0 native plugins for Editor in 0.00 ms.
Unloading 4145 Unused Serialized files (Serialized files now loaded: 0)
Unloading 125 unused Assets / (1.4 MB). Loaded Objects now: 4524.
Memory consumption went from 151.5 MB to 150.1 MB.
Total: 3.009000 ms (FindLiveObjects: 0.172700 ms CreateObjectMapping: 0.088500 ms MarkObjects: 2.536300 ms  DeleteObjects: 0.210800 ms)

AssetImportParameters requested are different than current active one (requested -> active):
  custom:video-decoder-ogg-theora: a1e56fd34408186e4bbccfd4996cb3dc -> 
  custom:container-muxer-webm: aa71ff27fc2769a1b78a27578f13a17b -> 
  custom:container-demuxer-webm: 4f35f7cbe854078d1ac9338744f61a02 -> 
  custom:video-encoder-webm-vp8: eb34c28f22e8b96e1ab97ce403110664 -> 
  custom:audio-encoder-webm-vorbis: bf7c407c2cedff20999df2af8eb42d56 -> 
  custom:framework-win-MediaFoundation: 216162199b28c13a410421893ffa2e32 -> 
  custom:container-demuxer-ogg: 62fdf1f143b41e24485cea50d1cbac27 -> 
  custom:video-decoder-webm-vp8: 9c59270c3fd7afecdb556c50c9e8de78 -> 
  custom:audio-decoder-ogg-vorbis: bf7c407c2cedff20999df2af8eb42d56 -> 
========================================================================
Received Import Request.
  Time since last request: 80543.612576 seconds.
  path: Assets/Creator Kit - Puzzle/Scripts/FMOD Audio/ButtonAudio.cs
  artifactKey: Guid(cf1c7b66683ba6948b9f9fe5098b67ba) Importer(815301076,1909f56bfc062723c751e8b465ee728b)
Start importing Assets/Creator Kit - Puzzle/Scripts/FMOD Audio/ButtonAudio.cs using Guid(cf1c7b66683ba6948b9f9fe5098b67ba) Importer(815301076,1909f56bfc062723c751e8b465ee728b)  -> (artifact id: '10cc7bc8dde73e610a7a855f0ddf0ae4') in 0.030909 seconds 
========================================================================
Received Import Request.
  Time since last request: 4.322464 seconds.
  path: Assets/Creator Kit - Puzzle/Art/Animations/Buttons.controller
  artifactKey: Guid(a4be35fb1b67acc4e904d80847d04b5d) Importer(815301076,1909f56bfc062723c751e8b465ee728b)
Start importing Assets/Creator Kit - Puzzle/Art/Animations/Buttons.controller using Guid(a4be35fb1b67acc4e904d80847d04b5d) Importer(815301076,1909f56bfc062723c751e8b465ee728b)  -> (artifact id: 'fd179d5ea78016d7381a4580534ae888') in 0.010280 seconds 
========================================================================
Received Import Request.
  Time since last request: 24.544841 seconds.
  path: Assets/Creator Kit - Puzzle/Scripts/Editor/InteractivePuzzlePieceEditor.cs
  artifactKey: Guid(32015c263c39ec34db00bd6dccb75ec0) Importer(815301076,1909f56bfc062723c751e8b465ee728b)
Start importing Assets/Creator Kit - Puzzle/Scripts/Editor/InteractivePuzzlePieceEditor.cs using Guid(32015c263c39ec34db00bd6dccb75ec0) Importer(815301076,1909f56bfc062723c751e8b465ee728b)  -> (artifact id: '70cedeac4b0cf7e45cf17eb6224a66c1') in 0.001727 seconds 
========================================================================
Received Import Request.
  Time since last request: 1.922857 seconds.
  path: Assets/Creator Kit - Puzzle/Scripts/Editor/SceneCompletionEditor.cs
  artifactKey: Guid(5101b756465d6764cadc779f1f043afa) Importer(815301076,1909f56bfc062723c751e8b465ee728b)
Start importing Assets/Creator Kit - Puzzle/Scripts/Editor/SceneCompletionEditor.cs using Guid(5101b756465d6764cadc779f1f043afa) Importer(815301076,1909f56bfc062723c751e8b465ee728b)  -> (artifact id: 'add4fc010f69a9d1429c45c7bd4266af') in 0.006243 seconds 
========================================================================
Received Import Request.
  Time since last request: 0.885986 seconds.
  path: Assets/Creator Kit - Puzzle/Scripts/Editor/SceneMenuEditor.cs
  artifactKey: Guid(43a86f6f2a52358499149de1c425cf63) Importer(815301076,1909f56bfc062723c751e8b465ee728b)
Start importing Assets/Creator Kit - Puzzle/Scripts/Editor/SceneMenuEditor.cs using Guid(43a86f6f2a52358499149de1c425cf63) Importer(815301076,1909f56bfc062723c751e8b465ee728b)  -> (artifact id: '63d4a7869dfefcf07327c3edc6d74ad5') in 0.001588 seconds 
========================================================================
Received Import Request.
  Time since last request: 0.403362 seconds.
  path: Assets/Creator Kit - Puzzle/Scripts/Editor/SceneReferenceEditor.cs
  artifactKey: Guid(111dfdfb76aebef4c8d0e4c8ac396ff5) Importer(815301076,1909f56bfc062723c751e8b465ee728b)
Start importing Assets/Creator Kit - Puzzle/Scripts/Editor/SceneReferenceEditor.cs using Guid(111dfdfb76aebef4c8d0e4c8ac396ff5) Importer(815301076,1909f56bfc062723c751e8b465ee728b)  -> (artifact id: '7c5d0635f304555d4704b97c74e5f295') in 0.001572 seconds 
========================================================================
Received Import Request.
  Time since last request: 0.346164 seconds.
  path: Assets/Creator Kit - Puzzle/Scripts/Editor/SceneReferencesBuildSetup.cs
  artifactKey: Guid(c1122e8d47c3aae4c837567de4591c85) Importer(815301076,1909f56bfc062723c751e8b465ee728b)
Start importing Assets/Creator Kit - Puzzle/Scripts/Editor/SceneReferencesBuildSetup.cs using Guid(c1122e8d47c3aae4c837567de4591c85) Importer(815301076,1909f56bfc062723c751e8b465ee728b)  -> (artifact id: '2c6036b4b5aa64df317c58c1e05db646') in 0.001648 seconds 
========================================================================
Received Prepare
Registering precompiled user dll's ...
Registered in 0.005629 seconds.
Begin MonoManager ReloadAssembly
Symbol file LoadedFromMemory doesn't match image C:\Users\Diogo\Documents\GitHub\3D-Creator-Puzzle-Kit\Library\PackageCache\com.unity.visualscripting@1.7.8\Editor\VisualScripting.Core\Dependencies\DotNetZip\Unity.VisualScripting.IonicZip.dll
Symbol file LoadedFromMemory doesn't match image C:\Users\Diogo\Documents\GitHub\3D-Creator-Puzzle-Kit\Library\PackageCache\com.unity.visualscripting@1.7.8\Editor\VisualScripting.Core\Dependencies\YamlDotNet\Unity.VisualScripting.YamlDotNet.dll
Native extension for WindowsStandalone target not found
Refreshing native plugins compatible for Editor in 0.90 ms, found 5 plugins.
Preloading 0 native plugins for Editor in 0.00 ms.
Mono: successfully reloaded assembly
- Completed reload, in  0.697 seconds
Domain Reload Profiling:
	ReloadAssembly (698ms)
		BeginReloadAssembly (97ms)
			ExecutionOrderSort (0ms)
			DisableScriptedObjects (4ms)
			BackupInstance (0ms)
			ReleaseScriptingObjects (0ms)
			CreateAndSetChildDomain (31ms)
		EndReloadAssembly (532ms)
			LoadAssemblies (57ms)
			RebuildTransferFunctionScriptingTraits (0ms)
			SetupTypeCache (184ms)
			ReleaseScriptCaches (1ms)
			RebuildScriptCaches (32ms)
			SetupLoadedEditorAssemblies (228ms)
				LogAssemblyErrors (0ms)
				InitializePlatformSupportModulesInManaged (8ms)
				SetLoadedEditorAssemblies (0ms)
				RefreshPlugins (1ms)
				BeforeProcessingInitializeOnLoad (44ms)
				ProcessInitializeOnLoadAttributes (146ms)
				ProcessInitializeOnLoadMethodAttributes (25ms)
				AfterProcessingInitializeOnLoad (4ms)
				EditorAssembliesLoaded (0ms)
			ExecutionOrderSort2 (0ms)
			AwakeInstancesAfterBackupRestoration (4ms)
Platform modules already initialized, skipping
Refreshing native plugins compatible for Editor in 7.29 ms, found 5 plugins.
Preloading 0 native plugins for Editor in 0.00 ms.
Unloading 4102 Unused Serialized files (Serialized files now loaded: 0)
Unloading 113 unused Assets / (1.4 MB). Loaded Objects now: 4528.
Memory consumption went from 147.5 MB to 146.1 MB.
Total: 3.560800 ms (FindLiveObjects: 0.194100 ms CreateObjectMapping: 0.113800 ms MarkObjects: 2.768600 ms  DeleteObjects: 0.482700 ms)

AssetImportParameters requested are different than current active one (requested -> active):
  custom:video-decoder-ogg-theora: a1e56fd34408186e4bbccfd4996cb3dc -> 
  custom:container-muxer-webm: aa71ff27fc2769a1b78a27578f13a17b -> 
  custom:container-demuxer-webm: 4f35f7cbe854078d1ac9338744f61a02 -> 
  custom:video-encoder-webm-vp8: eb34c28f22e8b96e1ab97ce403110664 -> 
  custom:audio-encoder-webm-vorbis: bf7c407c2cedff20999df2af8eb42d56 -> 
  custom:framework-win-MediaFoundation: 216162199b28c13a410421893ffa2e32 -> 
  custom:container-demuxer-ogg: 62fdf1f143b41e24485cea50d1cbac27 -> 
  custom:video-decoder-webm-vp8: 9c59270c3fd7afecdb556c50c9e8de78 -> 
  custom:audio-decoder-ogg-vorbis: bf7c407c2cedff20999df2af8eb42d56 -> 
========================================================================
Received Import Request.
  Time since last request: 56.782741 seconds.
  path: Assets/Creator Kit - Puzzle/Prefabs/NestedUI/LevelIcon.prefab
  artifactKey: Guid(ac067dd14f07cda4ea6e16f9a1860c48) Importer(815301076,1909f56bfc062723c751e8b465ee728b)
Start importing Assets/Creator Kit - Puzzle/Prefabs/NestedUI/LevelIcon.prefab using Guid(ac067dd14f07cda4ea6e16f9a1860c48) Importer(815301076,1909f56bfc062723c751e8b465ee728b)  -> (artifact id: 'c69bd6255d0acf99e0fddd6ea664e0b2') in 0.045123 seconds 
========================================================================
Received Import Request.
  Time since last request: 13.403820 seconds.
  path: Assets/Creator Kit - Puzzle/Prefabs/NestedUI/LevelIcon.prefab
  artifactKey: Guid(ac067dd14f07cda4ea6e16f9a1860c48) Importer(815301076,1909f56bfc062723c751e8b465ee728b)
Start importing Assets/Creator Kit - Puzzle/Prefabs/NestedUI/LevelIcon.prefab using Guid(ac067dd14f07cda4ea6e16f9a1860c48) Importer(815301076,1909f56bfc062723c751e8b465ee728b)  -> (artifact id: 'ac3328142fb1b2545851aefe6d0ca5c1') in 0.016038 seconds 
========================================================================
Received Import Request.
  Time since last request: 10.387676 seconds.
  path: Assets/Creator Kit - Puzzle/Prefabs/NestedUI/LevelIcon.prefab
  artifactKey: Guid(ac067dd14f07cda4ea6e16f9a1860c48) Importer(815301076,1909f56bfc062723c751e8b465ee728b)
Start importing Assets/Creator Kit - Puzzle/Prefabs/NestedUI/LevelIcon.prefab using Guid(ac067dd14f07cda4ea6e16f9a1860c48) Importer(815301076,1909f56bfc062723c751e8b465ee728b)  -> (artifact id: '6c89aa48bff6c79ffe9badbb4b58c029') in 0.014390 seconds 
========================================================================
Received Import Request.
  Time since last request: 13.298073 seconds.
  path: Assets/Creator Kit - Puzzle/Prefabs/NestedUI/LevelIcon.prefab
  artifactKey: Guid(ac067dd14f07cda4ea6e16f9a1860c48) Importer(815301076,1909f56bfc062723c751e8b465ee728b)
Start importing Assets/Creator Kit - Puzzle/Prefabs/NestedUI/LevelIcon.prefab using Guid(ac067dd14f07cda4ea6e16f9a1860c48) Importer(815301076,1909f56bfc062723c751e8b465ee728b)  -> (artifact id: '28c75633a089fca3c43a071bac274add') in 0.013523 seconds 
========================================================================
Received Prepare
Registering precompiled user dll's ...
Registered in 0.004265 seconds.
Begin MonoManager ReloadAssembly
Symbol file LoadedFromMemory doesn't match image C:\Users\Diogo\Documents\GitHub\3D-Creator-Puzzle-Kit\Library\PackageCache\com.unity.visualscripting@1.7.8\Editor\VisualScripting.Core\Dependencies\DotNetZip\Unity.VisualScripting.IonicZip.dll
Symbol file LoadedFromMemory doesn't match image C:\Users\Diogo\Documents\GitHub\3D-Creator-Puzzle-Kit\Library\PackageCache\com.unity.visualscripting@1.7.8\Editor\VisualScripting.Core\Dependencies\YamlDotNet\Unity.VisualScripting.YamlDotNet.dll
Native extension for WindowsStandalone target not found
Refreshing native plugins compatible for Editor in 0.76 ms, found 5 plugins.
Preloading 0 native plugins for Editor in 0.00 ms.
Mono: successfully reloaded assembly
- Completed reload, in  0.666 seconds
Domain Reload Profiling:
	ReloadAssembly (667ms)
		BeginReloadAssembly (85ms)
			ExecutionOrderSort (0ms)
			DisableScriptedObjects (3ms)
			BackupInstance (0ms)
			ReleaseScriptingObjects (0ms)
			CreateAndSetChildDomain (24ms)
		EndReloadAssembly (523ms)
			LoadAssemblies (48ms)
			RebuildTransferFunctionScriptingTraits (0ms)
			SetupTypeCache (186ms)
			ReleaseScriptCaches (1ms)
			RebuildScriptCaches (27ms)
			SetupLoadedEditorAssemblies (227ms)
				LogAssemblyErrors (0ms)
				InitializePlatformSupportModulesInManaged (8ms)
				SetLoadedEditorAssemblies (0ms)
				RefreshPlugins (1ms)
				BeforeProcessingInitializeOnLoad (43ms)
				ProcessInitializeOnLoadAttributes (146ms)
				ProcessInitializeOnLoadMethodAttributes (25ms)
				AfterProcessingInitializeOnLoad (4ms)
				EditorAssembliesLoaded (0ms)
			ExecutionOrderSort2 (0ms)
			AwakeInstancesAfterBackupRestoration (5ms)
Platform modules already initialized, skipping
Refreshing native plugins compatible for Editor in 7.60 ms, found 5 plugins.
Preloading 0 native plugins for Editor in 0.00 ms.
Unloading 4102 Unused Serialized files (Serialized files now loaded: 0)
Unloading 113 unused Assets / (1.4 MB). Loaded Objects now: 4531.
Memory consumption went from 147.5 MB to 146.1 MB.
Total: 2.620000 ms (FindLiveObjects: 0.195600 ms CreateObjectMapping: 0.084400 ms MarkObjects: 1.915600 ms  DeleteObjects: 0.422900 ms)

AssetImportParameters requested are different than current active one (requested -> active):
  custom:video-decoder-ogg-theora: a1e56fd34408186e4bbccfd4996cb3dc -> 
  custom:container-muxer-webm: aa71ff27fc2769a1b78a27578f13a17b -> 
  custom:container-demuxer-webm: 4f35f7cbe854078d1ac9338744f61a02 -> 
  custom:video-encoder-webm-vp8: eb34c28f22e8b96e1ab97ce403110664 -> 
  custom:audio-encoder-webm-vorbis: bf7c407c2cedff20999df2af8eb42d56 -> 
  custom:framework-win-MediaFoundation: 216162199b28c13a410421893ffa2e32 -> 
  custom:container-demuxer-ogg: 62fdf1f143b41e24485cea50d1cbac27 -> 
  custom:video-decoder-webm-vp8: 9c59270c3fd7afecdb556c50c9e8de78 -> 
  custom:audio-decoder-ogg-vorbis: bf7c407c2cedff20999df2af8eb42d56 -> 
========================================================================
Received Import Request.
  Time since last request: 90.188434 seconds.
  path: Assets/Creator Kit - Puzzle/Prefabs/NestedUI/LevelIcon.prefab
  artifactKey: Guid(ac067dd14f07cda4ea6e16f9a1860c48) Importer(815301076,1909f56bfc062723c751e8b465ee728b)
Start importing Assets/Creator Kit - Puzzle/Prefabs/NestedUI/LevelIcon.prefab using Guid(ac067dd14f07cda4ea6e16f9a1860c48) Importer(815301076,1909f56bfc062723c751e8b465ee728b)  -> (artifact id: '46070ff03c632b9ad781ddddae134007') in 0.041740 seconds 
========================================================================
Received Import Request.
  Time since last request: 6.435417 seconds.
  path: Assets/Creator Kit - Puzzle/Prefabs/NestedUI/LevelIcon.prefab
  artifactKey: Guid(ac067dd14f07cda4ea6e16f9a1860c48) Importer(815301076,1909f56bfc062723c751e8b465ee728b)
Start importing Assets/Creator Kit - Puzzle/Prefabs/NestedUI/LevelIcon.prefab using Guid(ac067dd14f07cda4ea6e16f9a1860c48) Importer(815301076,1909f56bfc062723c751e8b465ee728b)  -> (artifact id: 'ffdb1867f57fe650cc6655fbff8390bc') in 0.016140 seconds 
========================================================================
Received Import Request.
  Time since last request: 11.937327 seconds.
  path: Assets/Creator Kit - Puzzle/Prefabs/NestedUI/LevelIcon.prefab
  artifactKey: Guid(ac067dd14f07cda4ea6e16f9a1860c48) Importer(815301076,1909f56bfc062723c751e8b465ee728b)
Start importing Assets/Creator Kit - Puzzle/Prefabs/NestedUI/LevelIcon.prefab using Guid(ac067dd14f07cda4ea6e16f9a1860c48) Importer(815301076,1909f56bfc062723c751e8b465ee728b)  -> (artifact id: 'c218018a30497f393d4e5d3b1af31755') in 0.015333 seconds 
========================================================================
Received Import Request.
  Time since last request: 5.962932 seconds.
  path: Assets/Creator Kit - Puzzle/Prefabs/NestedUI/LevelIcon.prefab
  artifactKey: Guid(ac067dd14f07cda4ea6e16f9a1860c48) Importer(815301076,1909f56bfc062723c751e8b465ee728b)
Start importing Assets/Creator Kit - Puzzle/Prefabs/NestedUI/LevelIcon.prefab using Guid(ac067dd14f07cda4ea6e16f9a1860c48) Importer(815301076,1909f56bfc062723c751e8b465ee728b)  -> (artifact id: 'c76434d19aa27f7a4b4a6ce35c5ae3c2') in 0.015414 seconds 
========================================================================
Received Import Request.
  Time since last request: 6.342327 seconds.
  path: Assets/Creator Kit - Puzzle/Prefabs/NestedUI/LevelIcon.prefab
  artifactKey: Guid(ac067dd14f07cda4ea6e16f9a1860c48) Importer(815301076,1909f56bfc062723c751e8b465ee728b)
Start importing Assets/Creator Kit - Puzzle/Prefabs/NestedUI/LevelIcon.prefab using Guid(ac067dd14f07cda4ea6e16f9a1860c48) Importer(815301076,1909f56bfc062723c751e8b465ee728b)  -> (artifact id: '3adc0f56a9c5b43ef85d7c6cc80d3c02') in 0.015230 seconds 
========================================================================
Received Import Request.
  Time since last request: 3.756092 seconds.
  path: Assets/Creator Kit - Puzzle/Prefabs/NestedUI/LevelIcon.prefab
  artifactKey: Guid(ac067dd14f07cda4ea6e16f9a1860c48) Importer(815301076,1909f56bfc062723c751e8b465ee728b)
Start importing Assets/Creator Kit - Puzzle/Prefabs/NestedUI/LevelIcon.prefab using Guid(ac067dd14f07cda4ea6e16f9a1860c48) Importer(815301076,1909f56bfc062723c751e8b465ee728b)  -> (artifact id: '98ec0c7b52ec57d57741e6c2e438452b') in 0.015123 seconds 
========================================================================
Received Prepare
Registering precompiled user dll's ...
Registered in 0.004864 seconds.
Begin MonoManager ReloadAssembly
Symbol file LoadedFromMemory doesn't match image C:\Users\Diogo\Documents\GitHub\3D-Creator-Puzzle-Kit\Library\PackageCache\com.unity.visualscripting@1.7.8\Editor\VisualScripting.Core\Dependencies\DotNetZip\Unity.VisualScripting.IonicZip.dll
Symbol file LoadedFromMemory doesn't match image C:\Users\Diogo\Documents\GitHub\3D-Creator-Puzzle-Kit\Library\PackageCache\com.unity.visualscripting@1.7.8\Editor\VisualScripting.Core\Dependencies\YamlDotNet\Unity.VisualScripting.YamlDotNet.dll
Native extension for WindowsStandalone target not found
Refreshing native plugins compatible for Editor in 0.76 ms, found 5 plugins.
Preloading 0 native plugins for Editor in 0.00 ms.
Mono: successfully reloaded assembly
- Completed reload, in  0.658 seconds
Domain Reload Profiling:
	ReloadAssembly (658ms)
		BeginReloadAssembly (85ms)
			ExecutionOrderSort (0ms)
			DisableScriptedObjects (4ms)
			BackupInstance (0ms)
			ReleaseScriptingObjects (0ms)
			CreateAndSetChildDomain (25ms)
		EndReloadAssembly (515ms)
			LoadAssemblies (50ms)
			RebuildTransferFunctionScriptingTraits (0ms)
			SetupTypeCache (163ms)
			ReleaseScriptCaches (1ms)
			RebuildScriptCaches (29ms)
			SetupLoadedEditorAssemblies (233ms)
				LogAssemblyErrors (0ms)
				InitializePlatformSupportModulesInManaged (8ms)
				SetLoadedEditorAssemblies (0ms)
				RefreshPlugins (1ms)
				BeforeProcessingInitializeOnLoad (46ms)
				ProcessInitializeOnLoadAttributes (150ms)
				ProcessInitializeOnLoadMethodAttributes (24ms)
				AfterProcessingInitializeOnLoad (4ms)
				EditorAssembliesLoaded (0ms)
			ExecutionOrderSort2 (0ms)
			AwakeInstancesAfterBackupRestoration (5ms)
Platform modules already initialized, skipping
Refreshing native plugins compatible for Editor in 6.61 ms, found 5 plugins.
Preloading 0 native plugins for Editor in 0.00 ms.
Unloading 4102 Unused Serialized files (Serialized files now loaded: 0)
Unloading 113 unused Assets / (1.4 MB). Loaded Objects now: 4534.
Memory consumption went from 147.5 MB to 146.1 MB.
Total: 2.613100 ms (FindLiveObjects: 0.173300 ms CreateObjectMapping: 0.128800 ms MarkObjects: 1.890900 ms  DeleteObjects: 0.418600 ms)

AssetImportParameters requested are different than current active one (requested -> active):
  custom:video-decoder-ogg-theora: a1e56fd34408186e4bbccfd4996cb3dc -> 
  custom:container-muxer-webm: aa71ff27fc2769a1b78a27578f13a17b -> 
  custom:container-demuxer-webm: 4f35f7cbe854078d1ac9338744f61a02 -> 
  custom:video-encoder-webm-vp8: eb34c28f22e8b96e1ab97ce403110664 -> 
  custom:audio-encoder-webm-vorbis: bf7c407c2cedff20999df2af8eb42d56 -> 
  custom:framework-win-MediaFoundation: 216162199b28c13a410421893ffa2e32 -> 
  custom:container-demuxer-ogg: 62fdf1f143b41e24485cea50d1cbac27 -> 
  custom:video-decoder-webm-vp8: 9c59270c3fd7afecdb556c50c9e8de78 -> 
  custom:audio-decoder-ogg-vorbis: bf7c407c2cedff20999df2af8eb42d56 -> 
========================================================================
Received Import Request.
  Time since last request: 37.368543 seconds.
  path: Assets/Plugins/FMOD/images/AddIcon.png
  artifactKey: Guid(3300e81f02e64924eb7cb7782713b126) Importer(815301076,1909f56bfc062723c751e8b465ee728b)
Start importing Assets/Plugins/FMOD/images/AddIcon.png using Guid(3300e81f02e64924eb7cb7782713b126) Importer(815301076,1909f56bfc062723c751e8b465ee728b)  -> (artifact id: '2e4e32f62e9bde21eb2979fb9d80d77f') in 0.057576 seconds 
========================================================================
Received Import Request.
  Time since last request: 0.000021 seconds.
  path: Assets/TutorialInfo/Icons/Help_Icon.png
  artifactKey: Guid(a186f8a87ca4f4d3aa864638ad5dfb65) Importer(815301076,1909f56bfc062723c751e8b465ee728b)
Start importing Assets/TutorialInfo/Icons/Help_Icon.png using Guid(a186f8a87ca4f4d3aa864638ad5dfb65) Importer(815301076,1909f56bfc062723c751e8b465ee728b)  -> (artifact id: '87dcc0f5a81e82d9b0bc90e0e0600635') in 0.005649 seconds 
========================================================================
Received Import Request.
  Time since last request: 0.000028 seconds.
  path: Assets/Plugins/FMOD/images/CopyIcon.png
  artifactKey: Guid(6e164dcb85fc8ad4b9ab2f1e883862d2) Importer(815301076,1909f56bfc062723c751e8b465ee728b)
Start importing Assets/Plugins/FMOD/images/CopyIcon.png using Guid(6e164dcb85fc8ad4b9ab2f1e883862d2) Importer(815301076,1909f56bfc062723c751e8b465ee728b)  -> (artifact id: '45fe310bb533083e1233845ff67cd9de') in 0.009169 seconds 
========================================================================
Received Import Request.
  Time since last request: 0.000017 seconds.
  path: Assets/Plugins/FMOD/images/BrowserIcon.png
  artifactKey: Guid(c783b763d12874147876e070661b66ab) Importer(815301076,1909f56bfc062723c751e8b465ee728b)
Start importing Assets/Plugins/FMOD/images/BrowserIcon.png using Guid(c783b763d12874147876e070661b66ab) Importer(815301076,1909f56bfc062723c751e8b465ee728b)  -> (artifact id: '173c01d90ee005e0415e88c6a5f19c5f') in 0.006342 seconds 
========================================================================
Received Import Request.
  Time since last request: 0.000018 seconds.
  path: Assets/Plugins/FMOD/images/FolderIconClosed.png
  artifactKey: Guid(70efeb6d97126f843b30b8ed62d18a4f) Importer(815301076,1909f56bfc062723c751e8b465ee728b)
Start importing Assets/Plugins/FMOD/images/FolderIconClosed.png using Guid(70efeb6d97126f843b30b8ed62d18a4f) Importer(815301076,1909f56bfc062723c751e8b465ee728b)  -> (artifact id: 'c04c1c00c140b70501092092238d72af') in 0.009258 seconds 
========================================================================
Received Import Request.
  Time since last request: 0.000019 seconds.
  path: Assets/Plugins/FMOD/images/StudioIcon.png
  artifactKey: Guid(a4edfa5854cdec34b98b1c55f0562bdd) Importer(815301076,1909f56bfc062723c751e8b465ee728b)
Start importing Assets/Plugins/FMOD/images/StudioIcon.png using Guid(a4edfa5854cdec34b98b1c55f0562bdd) Importer(815301076,1909f56bfc062723c751e8b465ee728b)  -> (artifact id: '04c8afb0a578858462c1ca94776c1cf1') in 0.010169 seconds 
========================================================================
Received Import Request.
  Time since last request: 0.000018 seconds.
  path: Assets/Plugins/FMOD/images/SnapshotIcon.png
  artifactKey: Guid(cf2bba5fb8be7e64ca39979f18eb372a) Importer(815301076,1909f56bfc062723c751e8b465ee728b)
Start importing Assets/Plugins/FMOD/images/SnapshotIcon.png using Guid(cf2bba5fb8be7e64ca39979f18eb372a) Importer(815301076,1909f56bfc062723c751e8b465ee728b)  -> (artifact id: 'c7570da1bd48e3cbf5e9d6a52b373052') in 0.009571 seconds 
========================================================================
Received Import Request.
  Time since last request: 0.000018 seconds.
  path: Assets/Plugins/FMOD/images/EventIcon.png
  artifactKey: Guid(a602f206f9cb31f439c79a2fe23687c5) Importer(815301076,1909f56bfc062723c751e8b465ee728b)
Start importing Assets/Plugins/FMOD/images/EventIcon.png using Guid(a602f206f9cb31f439c79a2fe23687c5) Importer(815301076,1909f56bfc062723c751e8b465ee728b)  -> (artifact id: '38d75e0109a77d450681ef9cd5c38d9d') in 0.008002 seconds 
========================================================================
Received Import Request.
  Time since last request: 0.000019 seconds.
  path: Assets/Plugins/FMOD/images/BankIcon.png
  artifactKey: Guid(a7e06068a7215854a84bf5ed8280ed15) Importer(815301076,1909f56bfc062723c751e8b465ee728b)
Start importing Assets/Plugins/FMOD/images/BankIcon.png using Guid(a7e06068a7215854a84bf5ed8280ed15) Importer(815301076,1909f56bfc062723c751e8b465ee728b)  -> (artifact id: '4b1ec55a5c367aa5349f55f833aed5a1') in 0.011222 seconds 
========================================================================
Received Import Request.
  Time since last request: 0.000021 seconds.
  path: Assets/Plugins/FMOD/images/FolderIconOpen.png
  artifactKey: Guid(d2b54e4f7f80b9448a41d3c5985f5672) Importer(815301076,1909f56bfc062723c751e8b465ee728b)
Start importing Assets/Plugins/FMOD/images/FolderIconOpen.png using Guid(d2b54e4f7f80b9448a41d3c5985f5672) Importer(815301076,1909f56bfc062723c751e8b465ee728b)  -> (artifact id: '40d1f4717296180e1bad0b317206dbb3') in 0.008812 seconds 
========================================================================
Received Prepare
Registering precompiled user dll's ...
Registered in 0.004701 seconds.
Begin MonoManager ReloadAssembly
Symbol file LoadedFromMemory doesn't match image C:\Users\Diogo\Documents\GitHub\3D-Creator-Puzzle-Kit\Library\PackageCache\com.unity.visualscripting@1.7.8\Editor\VisualScripting.Core\Dependencies\DotNetZip\Unity.VisualScripting.IonicZip.dll
Symbol file LoadedFromMemory doesn't match image C:\Users\Diogo\Documents\GitHub\3D-Creator-Puzzle-Kit\Library\PackageCache\com.unity.visualscripting@1.7.8\Editor\VisualScripting.Core\Dependencies\YamlDotNet\Unity.VisualScripting.YamlDotNet.dll
Native extension for WindowsStandalone target not found
Refreshing native plugins compatible for Editor in 0.78 ms, found 5 plugins.
Preloading 0 native plugins for Editor in 0.00 ms.
Mono: successfully reloaded assembly
- Completed reload, in  0.683 seconds
Domain Reload Profiling:
	ReloadAssembly (684ms)
		BeginReloadAssembly (90ms)
			ExecutionOrderSort (0ms)
			DisableScriptedObjects (5ms)
			BackupInstance (0ms)
			ReleaseScriptingObjects (0ms)
			CreateAndSetChildDomain (27ms)
		EndReloadAssembly (525ms)
			LoadAssemblies (56ms)
			RebuildTransferFunctionScriptingTraits (0ms)
			SetupTypeCache (171ms)
			ReleaseScriptCaches (1ms)
			RebuildScriptCaches (31ms)
			SetupLoadedEditorAssemblies (233ms)
				LogAssemblyErrors (0ms)
				InitializePlatformSupportModulesInManaged (8ms)
				SetLoadedEditorAssemblies (0ms)
				RefreshPlugins (1ms)
				BeforeProcessingInitializeOnLoad (45ms)
				ProcessInitializeOnLoadAttributes (152ms)
				ProcessInitializeOnLoadMethodAttributes (23ms)
				AfterProcessingInitializeOnLoad (4ms)
				EditorAssembliesLoaded (0ms)
			ExecutionOrderSort2 (0ms)
			AwakeInstancesAfterBackupRestoration (5ms)
Platform modules already initialized, skipping
Refreshing native plugins compatible for Editor in 7.17 ms, found 5 plugins.
Preloading 0 native plugins for Editor in 0.00 ms.
Unloading 4102 Unused Serialized files (Serialized files now loaded: 0)
Unloading 113 unused Assets / (1.4 MB). Loaded Objects now: 4545.
Memory consumption went from 147.6 MB to 146.2 MB.
Total: 2.414500 ms (FindLiveObjects: 0.202600 ms CreateObjectMapping: 0.088900 ms MarkObjects: 1.898700 ms  DeleteObjects: 0.223300 ms)

AssetImportParameters requested are different than current active one (requested -> active):
  custom:video-decoder-ogg-theora: a1e56fd34408186e4bbccfd4996cb3dc -> 
  custom:container-muxer-webm: aa71ff27fc2769a1b78a27578f13a17b -> 
  custom:container-demuxer-webm: 4f35f7cbe854078d1ac9338744f61a02 -> 
  custom:video-encoder-webm-vp8: eb34c28f22e8b96e1ab97ce403110664 -> 
  custom:audio-encoder-webm-vorbis: bf7c407c2cedff20999df2af8eb42d56 -> 
  custom:framework-win-MediaFoundation: 216162199b28c13a410421893ffa2e32 -> 
  custom:container-demuxer-ogg: 62fdf1f143b41e24485cea50d1cbac27 -> 
  custom:video-decoder-webm-vp8: 9c59270c3fd7afecdb556c50c9e8de78 -> 
  custom:audio-decoder-ogg-vorbis: bf7c407c2cedff20999df2af8eb42d56 -> 
========================================================================
Received Import Request.
  Time since last request: 61.321463 seconds.
  path: Assets/Creator Kit - Puzzle/Data/Timelines/ThreeStarCompletion.playable
  artifactKey: Guid(8cfa55f41721328449ea6a9d73d5e756) Importer(815301076,1909f56bfc062723c751e8b465ee728b)
Start importing Assets/Creator Kit - Puzzle/Data/Timelines/ThreeStarCompletion.playable using Guid(8cfa55f41721328449ea6a9d73d5e756) Importer(815301076,1909f56bfc062723c751e8b465ee728b)  -> (artifact id: 'a00b115db9b453ad95fd2dcd94601448') in 0.018952 seconds 
========================================================================
Received Import Request.
  Time since last request: 21.417614 seconds.
  path: Assets/Creator Kit - Puzzle/Prefabs/NestedUI/CompletionUI.prefab
  artifactKey: Guid(f0722d29167dc2e4ea7c8da59d45a91a) Importer(815301076,1909f56bfc062723c751e8b465ee728b)
Start importing Assets/Creator Kit - Puzzle/Prefabs/NestedUI/CompletionUI.prefab using Guid(f0722d29167dc2e4ea7c8da59d45a91a) Importer(815301076,1909f56bfc062723c751e8b465ee728b)  -> (artifact id: 'ef77de932584ed51d1ef68e0ee92deb0') in 0.036704 seconds 
========================================================================
Received Import Request.
  Time since last request: 6.157059 seconds.
  path: Assets/Creator Kit - Puzzle/Prefabs/NestedUI/CompletionUI.prefab
  artifactKey: Guid(f0722d29167dc2e4ea7c8da59d45a91a) Importer(815301076,1909f56bfc062723c751e8b465ee728b)
Start importing Assets/Creator Kit - Puzzle/Prefabs/NestedUI/CompletionUI.prefab using Guid(f0722d29167dc2e4ea7c8da59d45a91a) Importer(815301076,1909f56bfc062723c751e8b465ee728b)  -> (artifact id: 'f8249e3d6dcf8ba692344b9bf8b67b0b') in 0.018127 seconds 
========================================================================
Received Import Request.
  Time since last request: 7.236022 seconds.
  path: Assets/Creator Kit - Puzzle/Prefabs/NestedUI/CompletionUI.prefab
  artifactKey: Guid(f0722d29167dc2e4ea7c8da59d45a91a) Importer(815301076,1909f56bfc062723c751e8b465ee728b)
Start importing Assets/Creator Kit - Puzzle/Prefabs/NestedUI/CompletionUI.prefab using Guid(f0722d29167dc2e4ea7c8da59d45a91a) Importer(815301076,1909f56bfc062723c751e8b465ee728b)  -> (artifact id: '6c0493d4b972e48178cf7bcc7446949f') in 0.015632 seconds 
========================================================================
Received Import Request.
  Time since last request: 8.722369 seconds.
  path: Assets/Creator Kit - Puzzle/Prefabs/NestedUI/CompletionUI.prefab
  artifactKey: Guid(f0722d29167dc2e4ea7c8da59d45a91a) Importer(815301076,1909f56bfc062723c751e8b465ee728b)
Start importing Assets/Creator Kit - Puzzle/Prefabs/NestedUI/CompletionUI.prefab using Guid(f0722d29167dc2e4ea7c8da59d45a91a) Importer(815301076,1909f56bfc062723c751e8b465ee728b)  -> (artifact id: 'a1ef43501d80258667c8deeaf332a97f') in 0.017707 seconds 
========================================================================
Received Import Request.
  Time since last request: 3.159204 seconds.
  path: Assets/Creator Kit - Puzzle/Prefabs/NestedUI/CompletionUI.prefab
  artifactKey: Guid(f0722d29167dc2e4ea7c8da59d45a91a) Importer(815301076,1909f56bfc062723c751e8b465ee728b)
Start importing Assets/Creator Kit - Puzzle/Prefabs/NestedUI/CompletionUI.prefab using Guid(f0722d29167dc2e4ea7c8da59d45a91a) Importer(815301076,1909f56bfc062723c751e8b465ee728b)  -> (artifact id: 'c87bd4e0d6ba55364ec26c98e35c28f6') in 0.016766 seconds 
========================================================================
Received Import Request.
  Time since last request: 4.444608 seconds.
  path: Assets/Creator Kit - Puzzle/Prefabs/NestedUI/CompletionUI.prefab
  artifactKey: Guid(f0722d29167dc2e4ea7c8da59d45a91a) Importer(815301076,1909f56bfc062723c751e8b465ee728b)
Start importing Assets/Creator Kit - Puzzle/Prefabs/NestedUI/CompletionUI.prefab using Guid(f0722d29167dc2e4ea7c8da59d45a91a) Importer(815301076,1909f56bfc062723c751e8b465ee728b)  -> (artifact id: '2518dadad6c2ddc513968393e82b5249') in 0.018107 seconds 
========================================================================
Received Import Request.
  Time since last request: 3.400635 seconds.
  path: Assets/Creator Kit - Puzzle/Prefabs/NestedUI/CompletionUI.prefab
  artifactKey: Guid(f0722d29167dc2e4ea7c8da59d45a91a) Importer(815301076,1909f56bfc062723c751e8b465ee728b)
Start importing Assets/Creator Kit - Puzzle/Prefabs/NestedUI/CompletionUI.prefab using Guid(f0722d29167dc2e4ea7c8da59d45a91a) Importer(815301076,1909f56bfc062723c751e8b465ee728b)  -> (artifact id: '394185a709fe2d5bf4b09e625b85abcb') in 0.017453 seconds 
========================================================================
Received Import Request.
  Time since last request: 3.995698 seconds.
  path: Assets/Creator Kit - Puzzle/Prefabs/NestedUI/CompletionUI.prefab
  artifactKey: Guid(f0722d29167dc2e4ea7c8da59d45a91a) Importer(815301076,1909f56bfc062723c751e8b465ee728b)
Start importing Assets/Creator Kit - Puzzle/Prefabs/NestedUI/CompletionUI.prefab using Guid(f0722d29167dc2e4ea7c8da59d45a91a) Importer(815301076,1909f56bfc062723c751e8b465ee728b)  -> (artifact id: '2650b1919833e1a730dd6dce247be0fe') in 0.017909 seconds 
========================================================================
Received Import Request.
  Time since last request: 2.409101 seconds.
  path: Assets/Creator Kit - Puzzle/Prefabs/NestedUI/CompletionUI.prefab
  artifactKey: Guid(f0722d29167dc2e4ea7c8da59d45a91a) Importer(815301076,1909f56bfc062723c751e8b465ee728b)
Start importing Assets/Creator Kit - Puzzle/Prefabs/NestedUI/CompletionUI.prefab using Guid(f0722d29167dc2e4ea7c8da59d45a91a) Importer(815301076,1909f56bfc062723c751e8b465ee728b)  -> (artifact id: '0f3a1b12f74ebc6c28cdaee8d6f628cb') in 0.016599 seconds 
========================================================================
Received Import Request.
  Time since last request: 2.015060 seconds.
  path: Assets/Creator Kit - Puzzle/Prefabs/NestedUI/CompletionUI.prefab
  artifactKey: Guid(f0722d29167dc2e4ea7c8da59d45a91a) Importer(815301076,1909f56bfc062723c751e8b465ee728b)
Start importing Assets/Creator Kit - Puzzle/Prefabs/NestedUI/CompletionUI.prefab using Guid(f0722d29167dc2e4ea7c8da59d45a91a) Importer(815301076,1909f56bfc062723c751e8b465ee728b)  -> (artifact id: 'fd88d67ddaaf93f9342cd37c9a8e9685') in 0.018642 seconds 
========================================================================
Received Import Request.
  Time since last request: 4.736223 seconds.
  path: Assets/Creator Kit - Puzzle/Prefabs/NestedUI/CompletionUI.prefab
  artifactKey: Guid(f0722d29167dc2e4ea7c8da59d45a91a) Importer(815301076,1909f56bfc062723c751e8b465ee728b)
Start importing Assets/Creator Kit - Puzzle/Prefabs/NestedUI/CompletionUI.prefab using Guid(f0722d29167dc2e4ea7c8da59d45a91a) Importer(815301076,1909f56bfc062723c751e8b465ee728b)  -> (artifact id: '99f0db57e1eaaf95648abea64a8da564') in 0.017494 seconds 
========================================================================
Received Import Request.
  Time since last request: 7.879570 seconds.
  path: Assets/Creator Kit - Puzzle/Prefabs/NestedUI/CompletionUI.prefab
  artifactKey: Guid(f0722d29167dc2e4ea7c8da59d45a91a) Importer(815301076,1909f56bfc062723c751e8b465ee728b)
Start importing Assets/Creator Kit - Puzzle/Prefabs/NestedUI/CompletionUI.prefab using Guid(f0722d29167dc2e4ea7c8da59d45a91a) Importer(815301076,1909f56bfc062723c751e8b465ee728b)  -> (artifact id: '43fc3eb5ea8b7f9be578c69053b31fc3') in 0.016494 seconds 
========================================================================
Received Import Request.
  Time since last request: 2.007289 seconds.
  path: Assets/Creator Kit - Puzzle/Prefabs/NestedUI/CompletionUI.prefab
  artifactKey: Guid(f0722d29167dc2e4ea7c8da59d45a91a) Importer(815301076,1909f56bfc062723c751e8b465ee728b)
Start importing Assets/Creator Kit - Puzzle/Prefabs/NestedUI/CompletionUI.prefab using Guid(f0722d29167dc2e4ea7c8da59d45a91a) Importer(815301076,1909f56bfc062723c751e8b465ee728b)  -> (artifact id: '3e641edd4b30aacf000c5f1694bf5f5b') in 0.019986 seconds 
========================================================================
Received Import Request.
  Time since last request: 1.977504 seconds.
  path: Assets/Creator Kit - Puzzle/Prefabs/NestedUI/CompletionUI.prefab
  artifactKey: Guid(f0722d29167dc2e4ea7c8da59d45a91a) Importer(815301076,1909f56bfc062723c751e8b465ee728b)
Start importing Assets/Creator Kit - Puzzle/Prefabs/NestedUI/CompletionUI.prefab using Guid(f0722d29167dc2e4ea7c8da59d45a91a) Importer(815301076,1909f56bfc062723c751e8b465ee728b)  -> (artifact id: 'f9a25d6c378a623e1c997966f36da228') in 0.018180 seconds 
========================================================================
Received Import Request.
  Time since last request: 1.393648 seconds.
  path: Assets/Creator Kit - Puzzle/Prefabs/NestedUI/CompletionUI.prefab
  artifactKey: Guid(f0722d29167dc2e4ea7c8da59d45a91a) Importer(815301076,1909f56bfc062723c751e8b465ee728b)
Start importing Assets/Creator Kit - Puzzle/Prefabs/NestedUI/CompletionUI.prefab using Guid(f0722d29167dc2e4ea7c8da59d45a91a) Importer(815301076,1909f56bfc062723c751e8b465ee728b)  -> (artifact id: '8be672ac0681a4fb1407334140ba2781') in 0.018639 seconds 
========================================================================
Received Import Request.
  Time since last request: 2.248900 seconds.
  path: Assets/Creator Kit - Puzzle/Prefabs/NestedUI/CompletionUI.prefab
  artifactKey: Guid(f0722d29167dc2e4ea7c8da59d45a91a) Importer(815301076,1909f56bfc062723c751e8b465ee728b)
Start importing Assets/Creator Kit - Puzzle/Prefabs/NestedUI/CompletionUI.prefab using Guid(f0722d29167dc2e4ea7c8da59d45a91a) Importer(815301076,1909f56bfc062723c751e8b465ee728b)  -> (artifact id: 'b3141b1a86f70045ecc6b3eea8f41f88') in 0.016562 seconds 
========================================================================
Received Import Request.
  Time since last request: 3.604130 seconds.
  path: Assets/Creator Kit - Puzzle/Prefabs/NestedUI/CompletionUI.prefab
  artifactKey: Guid(f0722d29167dc2e4ea7c8da59d45a91a) Importer(815301076,1909f56bfc062723c751e8b465ee728b)
Start importing Assets/Creator Kit - Puzzle/Prefabs/NestedUI/CompletionUI.prefab using Guid(f0722d29167dc2e4ea7c8da59d45a91a) Importer(815301076,1909f56bfc062723c751e8b465ee728b)  -> (artifact id: 'cc258f9e15fd407e1485cfc0c292df5b') in 0.017250 seconds 
========================================================================
Received Import Request.
  Time since last request: 1.993571 seconds.
  path: Assets/Creator Kit - Puzzle/Prefabs/NestedUI/CompletionUI.prefab
  artifactKey: Guid(f0722d29167dc2e4ea7c8da59d45a91a) Importer(815301076,1909f56bfc062723c751e8b465ee728b)
Start importing Assets/Creator Kit - Puzzle/Prefabs/NestedUI/CompletionUI.prefab using Guid(f0722d29167dc2e4ea7c8da59d45a91a) Importer(815301076,1909f56bfc062723c751e8b465ee728b)  -> (artifact id: 'dd13b027006bce0641549dfeedf85554') in 0.017054 seconds 
========================================================================
Received Import Request.
  Time since last request: 3.086287 seconds.
  path: Assets/Creator Kit - Puzzle/Prefabs/NestedUI/CompletionUI.prefab
  artifactKey: Guid(f0722d29167dc2e4ea7c8da59d45a91a) Importer(815301076,1909f56bfc062723c751e8b465ee728b)
Start importing Assets/Creator Kit - Puzzle/Prefabs/NestedUI/CompletionUI.prefab using Guid(f0722d29167dc2e4ea7c8da59d45a91a) Importer(815301076,1909f56bfc062723c751e8b465ee728b)  -> (artifact id: '648ed7462e03910d547a4103e943a35d') in 0.018201 seconds 
========================================================================
Received Import Request.
  Time since last request: 5.826804 seconds.
  path: Assets/Creator Kit - Puzzle/Prefabs/NestedUI/CompletionUI.prefab
  artifactKey: Guid(f0722d29167dc2e4ea7c8da59d45a91a) Importer(815301076,1909f56bfc062723c751e8b465ee728b)
Start importing Assets/Creator Kit - Puzzle/Prefabs/NestedUI/CompletionUI.prefab using Guid(f0722d29167dc2e4ea7c8da59d45a91a) Importer(815301076,1909f56bfc062723c751e8b465ee728b)  -> (artifact id: 'c0028d4472726e33f5cfc17647cc24c7') in 0.017937 seconds 
========================================================================
Received Import Request.
  Time since last request: 5.192291 seconds.
  path: Assets/Creator Kit - Puzzle/Prefabs/NestedUI/CompletionUI.prefab
  artifactKey: Guid(f0722d29167dc2e4ea7c8da59d45a91a) Importer(815301076,1909f56bfc062723c751e8b465ee728b)
Start importing Assets/Creator Kit - Puzzle/Prefabs/NestedUI/CompletionUI.prefab using Guid(f0722d29167dc2e4ea7c8da59d45a91a) Importer(815301076,1909f56bfc062723c751e8b465ee728b)  -> (artifact id: '4702ebc364938cf4b555069a16509646') in 0.025484 seconds 
========================================================================
Received Import Request.
  Time since last request: 9.874938 seconds.
  path: Assets/Creator Kit - Puzzle/Prefabs/OnePerLevel/LevelUICanvas.prefab
  artifactKey: Guid(3aee8a1cad05205468b76c9feb6d5d54) Importer(815301076,1909f56bfc062723c751e8b465ee728b)
Start importing Assets/Creator Kit - Puzzle/Prefabs/OnePerLevel/LevelUICanvas.prefab using Guid(3aee8a1cad05205468b76c9feb6d5d54) Importer(815301076,1909f56bfc062723c751e8b465ee728b)  -> (artifact id: 'e79f0344d957c6a8ba9e42be5229e92c') in 0.014798 seconds 
========================================================================
Received Prepare
Registering precompiled user dll's ...
Registered in 0.004500 seconds.
Begin MonoManager ReloadAssembly
Symbol file LoadedFromMemory doesn't match image C:\Users\Diogo\Documents\GitHub\3D-Creator-Puzzle-Kit\Library\PackageCache\com.unity.visualscripting@1.7.8\Editor\VisualScripting.Core\Dependencies\DotNetZip\Unity.VisualScripting.IonicZip.dll
Symbol file LoadedFromMemory doesn't match image C:\Users\Diogo\Documents\GitHub\3D-Creator-Puzzle-Kit\Library\PackageCache\com.unity.visualscripting@1.7.8\Editor\VisualScripting.Core\Dependencies\YamlDotNet\Unity.VisualScripting.YamlDotNet.dll
Native extension for WindowsStandalone target not found
Refreshing native plugins compatible for Editor in 0.82 ms, found 5 plugins.
Preloading 0 native plugins for Editor in 0.00 ms.
Mono: successfully reloaded assembly
- Completed reload, in  0.626 seconds
Domain Reload Profiling:
	ReloadAssembly (626ms)
		BeginReloadAssembly (84ms)
			ExecutionOrderSort (0ms)
			DisableScriptedObjects (3ms)
			BackupInstance (0ms)
			ReleaseScriptingObjects (0ms)
			CreateAndSetChildDomain (25ms)
		EndReloadAssembly (486ms)
			LoadAssemblies (49ms)
			RebuildTransferFunctionScriptingTraits (0ms)
			SetupTypeCache (162ms)
			ReleaseScriptCaches (1ms)
			RebuildScriptCaches (31ms)
			SetupLoadedEditorAssemblies (211ms)
				LogAssemblyErrors (0ms)
				InitializePlatformSupportModulesInManaged (8ms)
				SetLoadedEditorAssemblies (0ms)
				RefreshPlugins (1ms)
				BeforeProcessingInitializeOnLoad (43ms)
				ProcessInitializeOnLoadAttributes (131ms)
				ProcessInitializeOnLoadMethodAttributes (24ms)
				AfterProcessingInitializeOnLoad (4ms)
				EditorAssembliesLoaded (0ms)
			ExecutionOrderSort2 (0ms)
			AwakeInstancesAfterBackupRestoration (4ms)
Platform modules already initialized, skipping
Refreshing native plugins compatible for Editor in 6.17 ms, found 5 plugins.
Preloading 0 native plugins for Editor in 0.00 ms.
Unloading 4102 Unused Serialized files (Serialized files now loaded: 0)
Unloading 113 unused Assets / (1.4 MB). Loaded Objects now: 4548.
Memory consumption went from 147.6 MB to 146.3 MB.
Total: 2.416000 ms (FindLiveObjects: 0.204900 ms CreateObjectMapping: 0.092500 ms MarkObjects: 1.883300 ms  DeleteObjects: 0.234300 ms)

AssetImportParameters requested are different than current active one (requested -> active):
  custom:video-decoder-ogg-theora: a1e56fd34408186e4bbccfd4996cb3dc -> 
  custom:container-muxer-webm: aa71ff27fc2769a1b78a27578f13a17b -> 
  custom:container-demuxer-webm: 4f35f7cbe854078d1ac9338744f61a02 -> 
  custom:video-encoder-webm-vp8: eb34c28f22e8b96e1ab97ce403110664 -> 
  custom:audio-encoder-webm-vorbis: bf7c407c2cedff20999df2af8eb42d56 -> 
  custom:framework-win-MediaFoundation: 216162199b28c13a410421893ffa2e32 -> 
  custom:container-demuxer-ogg: 62fdf1f143b41e24485cea50d1cbac27 -> 
  custom:video-decoder-webm-vp8: 9c59270c3fd7afecdb556c50c9e8de78 -> 
  custom:audio-decoder-ogg-vorbis: bf7c407c2cedff20999df2af8eb42d56 -> 
========================================================================
Received Import Request.
  Time since last request: 224.436771 seconds.
  path: Assets/Creator Kit - Puzzle/Scripts/SceneSystems/SceneCompletion.cs
  artifactKey: Guid(a1eb0634efe355d469872510c585f24c) Importer(815301076,1909f56bfc062723c751e8b465ee728b)
Start importing Assets/Creator Kit - Puzzle/Scripts/SceneSystems/SceneCompletion.cs using Guid(a1eb0634efe355d469872510c585f24c) Importer(815301076,1909f56bfc062723c751e8b465ee728b)  -> (artifact id: '26b0205da5209d57616e8c78bf8c64aa') in 0.005759 seconds 
========================================================================
Received Prepare
Registering precompiled user dll's ...
Registered in 0.004347 seconds.
Begin MonoManager ReloadAssembly
Symbol file LoadedFromMemory doesn't match image C:\Users\Diogo\Documents\GitHub\3D-Creator-Puzzle-Kit\Library\PackageCache\com.unity.visualscripting@1.7.8\Editor\VisualScripting.Core\Dependencies\DotNetZip\Unity.VisualScripting.IonicZip.dll
Symbol file LoadedFromMemory doesn't match image C:\Users\Diogo\Documents\GitHub\3D-Creator-Puzzle-Kit\Library\PackageCache\com.unity.visualscripting@1.7.8\Editor\VisualScripting.Core\Dependencies\YamlDotNet\Unity.VisualScripting.YamlDotNet.dll
Native extension for WindowsStandalone target not found
Refreshing native plugins compatible for Editor in 0.75 ms, found 5 plugins.
Preloading 0 native plugins for Editor in 0.00 ms.
Mono: successfully reloaded assembly
- Completed reload, in  0.628 seconds
Domain Reload Profiling:
	ReloadAssembly (628ms)
		BeginReloadAssembly (89ms)
			ExecutionOrderSort (0ms)
			DisableScriptedObjects (4ms)
			BackupInstance (0ms)
			ReleaseScriptingObjects (0ms)
			CreateAndSetChildDomain (26ms)
		EndReloadAssembly (474ms)
			LoadAssemblies (53ms)
			RebuildTransferFunctionScriptingTraits (0ms)
			SetupTypeCache (175ms)
			ReleaseScriptCaches (1ms)
			RebuildScriptCaches (26ms)
			SetupLoadedEditorAssemblies (193ms)
				LogAssemblyErrors (0ms)
				InitializePlatformSupportModulesInManaged (8ms)
				SetLoadedEditorAssemblies (0ms)
				RefreshPlugins (1ms)
				BeforeProcessingInitializeOnLoad (40ms)
				ProcessInitializeOnLoadAttributes (121ms)
				ProcessInitializeOnLoadMethodAttributes (20ms)
				AfterProcessingInitializeOnLoad (4ms)
				EditorAssembliesLoaded (0ms)
			ExecutionOrderSort2 (0ms)
			AwakeInstancesAfterBackupRestoration (4ms)
Platform modules already initialized, skipping
Refreshing native plugins compatible for Editor in 6.93 ms, found 5 plugins.
Preloading 0 native plugins for Editor in 0.00 ms.
Unloading 4102 Unused Serialized files (Serialized files now loaded: 0)
Unloading 113 unused Assets / (1.4 MB). Loaded Objects now: 4551.
Memory consumption went from 147.6 MB to 146.3 MB.
Total: 2.784000 ms (FindLiveObjects: 0.204500 ms CreateObjectMapping: 0.096600 ms MarkObjects: 2.263700 ms  DeleteObjects: 0.217500 ms)

AssetImportParameters requested are different than current active one (requested -> active):
  custom:video-decoder-ogg-theora: a1e56fd34408186e4bbccfd4996cb3dc -> 
  custom:container-muxer-webm: aa71ff27fc2769a1b78a27578f13a17b -> 
  custom:container-demuxer-webm: 4f35f7cbe854078d1ac9338744f61a02 -> 
  custom:video-encoder-webm-vp8: eb34c28f22e8b96e1ab97ce403110664 -> 
  custom:audio-encoder-webm-vorbis: bf7c407c2cedff20999df2af8eb42d56 -> 
  custom:framework-win-MediaFoundation: 216162199b28c13a410421893ffa2e32 -> 
  custom:container-demuxer-ogg: 62fdf1f143b41e24485cea50d1cbac27 -> 
  custom:video-decoder-webm-vp8: 9c59270c3fd7afecdb556c50c9e8de78 -> 
  custom:audio-decoder-ogg-vorbis: bf7c407c2cedff20999df2af8eb42d56 -> 
========================================================================
Received Prepare
Registering precompiled user dll's ...
Registered in 0.004708 seconds.
Begin MonoManager ReloadAssembly
Symbol file LoadedFromMemory doesn't match image C:\Users\Diogo\Documents\GitHub\3D-Creator-Puzzle-Kit\Library\PackageCache\com.unity.visualscripting@1.7.8\Editor\VisualScripting.Core\Dependencies\DotNetZip\Unity.VisualScripting.IonicZip.dll
Symbol file LoadedFromMemory doesn't match image C:\Users\Diogo\Documents\GitHub\3D-Creator-Puzzle-Kit\Library\PackageCache\com.unity.visualscripting@1.7.8\Editor\VisualScripting.Core\Dependencies\YamlDotNet\Unity.VisualScripting.YamlDotNet.dll
Native extension for WindowsStandalone target not found
Refreshing native plugins compatible for Editor in 0.76 ms, found 5 plugins.
Preloading 0 native plugins for Editor in 0.00 ms.
Mono: successfully reloaded assembly
- Completed reload, in  0.643 seconds
Domain Reload Profiling:
	ReloadAssembly (644ms)
		BeginReloadAssembly (90ms)
			ExecutionOrderSort (0ms)
			DisableScriptedObjects (4ms)
			BackupInstance (0ms)
			ReleaseScriptingObjects (0ms)
			CreateAndSetChildDomain (25ms)
		EndReloadAssembly (496ms)
			LoadAssemblies (53ms)
			RebuildTransferFunctionScriptingTraits (0ms)
			SetupTypeCache (165ms)
			ReleaseScriptCaches (1ms)
			RebuildScriptCaches (29ms)
			SetupLoadedEditorAssemblies (221ms)
				LogAssemblyErrors (0ms)
				InitializePlatformSupportModulesInManaged (8ms)
				SetLoadedEditorAssemblies (0ms)
				RefreshPlugins (1ms)
				BeforeProcessingInitializeOnLoad (42ms)
				ProcessInitializeOnLoadAttributes (142ms)
				ProcessInitializeOnLoadMethodAttributes (23ms)
				AfterProcessingInitializeOnLoad (4ms)
				EditorAssembliesLoaded (0ms)
			ExecutionOrderSort2 (0ms)
			AwakeInstancesAfterBackupRestoration (5ms)
Platform modules already initialized, skipping
Refreshing native plugins compatible for Editor in 5.87 ms, found 5 plugins.
Preloading 0 native plugins for Editor in 0.00 ms.
Unloading 4102 Unused Serialized files (Serialized files now loaded: 0)
Unloading 113 unused Assets / (1.4 MB). Loaded Objects now: 4554.
Memory consumption went from 147.7 MB to 146.3 MB.
Total: 2.324300 ms (FindLiveObjects: 0.207400 ms CreateObjectMapping: 0.089100 ms MarkObjects: 1.821000 ms  DeleteObjects: 0.205900 ms)

AssetImportParameters requested are different than current active one (requested -> active):
  custom:video-decoder-ogg-theora: a1e56fd34408186e4bbccfd4996cb3dc -> 
  custom:container-muxer-webm: aa71ff27fc2769a1b78a27578f13a17b -> 
  custom:container-demuxer-webm: 4f35f7cbe854078d1ac9338744f61a02 -> 
  custom:video-encoder-webm-vp8: eb34c28f22e8b96e1ab97ce403110664 -> 
  custom:audio-encoder-webm-vorbis: bf7c407c2cedff20999df2af8eb42d56 -> 
  custom:framework-win-MediaFoundation: 216162199b28c13a410421893ffa2e32 -> 
  custom:container-demuxer-ogg: 62fdf1f143b41e24485cea50d1cbac27 -> 
  custom:video-decoder-webm-vp8: 9c59270c3fd7afecdb556c50c9e8de78 -> 
  custom:audio-decoder-ogg-vorbis: bf7c407c2cedff20999df2af8eb42d56 -> 
========================================================================
Received Import Request.
  Time since last request: 141.725547 seconds.
  path: Assets/Creator Kit - Puzzle/Art/Animations/SceneCompletionButtonsFadeIn.anim
  artifactKey: Guid(d8040c6372c9c5840aba825cd179c806) Importer(815301076,1909f56bfc062723c751e8b465ee728b)
Start importing Assets/Creator Kit - Puzzle/Art/Animations/SceneCompletionButtonsFadeIn.anim using Guid(d8040c6372c9c5840aba825cd179c806) Importer(815301076,1909f56bfc062723c751e8b465ee728b)  -> (artifact id: 'b6080437cf8200541474de38bc5b6053') in 0.014330 seconds 
========================================================================
Received Import Request.
  Time since last request: 13.285130 seconds.
  path: Assets/Plugins/FMOD/Cache/Editor/FMODStudioCache.asset
  artifactKey: Guid(0b6904103cbb08949987542420195582) Importer(815301076,1909f56bfc062723c751e8b465ee728b)
Start importing Assets/Plugins/FMOD/Cache/Editor/FMODStudioCache.asset using Guid(0b6904103cbb08949987542420195582) Importer(815301076,1909f56bfc062723c751e8b465ee728b)  -> (artifact id: 'f9b05e258b453b87474b6ee2caad2ffb') in 0.006906 seconds 
========================================================================
Received Import Request.
  Time since last request: 0.000015 seconds.
  path: Assets/Creator Kit - Puzzle/Art/Textures/UI/Star.png
  artifactKey: Guid(2c59f748d732821498a1621fc33ac0c6) Importer(815301076,1909f56bfc062723c751e8b465ee728b)
Start importing Assets/Creator Kit - Puzzle/Art/Textures/UI/Star.png using Guid(2c59f748d732821498a1621fc33ac0c6) Importer(815301076,1909f56bfc062723c751e8b465ee728b)  -> (artifact id: '91df081c4fafcf471b2b8f5a7a093dcb') in 0.052563 seconds 
========================================================================
Received Import Request.
  Time since last request: 0.000014 seconds.
  path: Assets/Plugins/FMOD/Project/3D-Creator-Puzzle-Kit/Assets/SFX_Star03.ogg
  artifactKey: Guid(732bf7a71e38cb74fa8633b853779351) Importer(815301076,1909f56bfc062723c751e8b465ee728b)
Start importing Assets/Plugins/FMOD/Project/3D-Creator-Puzzle-Kit/Assets/SFX_Star03.ogg using Guid(732bf7a71e38cb74fa8633b853779351) Importer(815301076,1909f56bfc062723c751e8b465ee728b)  -> (artifact id: '0732459987345b691431fcecb242e1c7') in 0.037946 seconds 
========================================================================
Received Import Request.
  Time since last request: 178.554546 seconds.
  path: Assets/Plugins/FMOD/src/FMODEventTrack.cs
  artifactKey: Guid(133253f56854570409c222a87786b263) Importer(815301076,1909f56bfc062723c751e8b465ee728b)
Start importing Assets/Plugins/FMOD/src/FMODEventTrack.cs using Guid(133253f56854570409c222a87786b263) Importer(815301076,1909f56bfc062723c751e8b465ee728b)  -> (artifact id: '888f88f6893c13919966b45211ab04c7') in 0.001400 seconds 
========================================================================
Received Import Request.
  Time since last request: 6.507873 seconds.
  path: Assets/Creator Kit - Puzzle/Prefabs/OnePerMenu/Directional Light.prefab
  artifactKey: Guid(b899b1ccb5aa078498089d8a991e010f) Importer(815301076,1909f56bfc062723c751e8b465ee728b)
Start importing Assets/Creator Kit - Puzzle/Prefabs/OnePerMenu/Directional Light.prefab using Guid(b899b1ccb5aa078498089d8a991e010f) Importer(815301076,1909f56bfc062723c751e8b465ee728b)  -> (artifact id: '30577b42e73af3a110bd0abde048a22c') in 0.008290 seconds 
========================================================================
Received Import Request.
  Time since last request: 0.000015 seconds.
  path: Assets/Creator Kit - Puzzle/Scenes/ExampleScenes/ExampleMenu/ReflectionProbe-0.exr
  artifactKey: Guid(b8191ebe08fb4e34998dede1cf90c8c2) Importer(815301076,1909f56bfc062723c751e8b465ee728b)
Start importing Assets/Creator Kit - Puzzle/Scenes/ExampleScenes/ExampleMenu/ReflectionProbe-0.exr using Guid(b8191ebe08fb4e34998dede1cf90c8c2) Importer(815301076,1909f56bfc062723c751e8b465ee728b)  -> (artifact id: '5a452e8c0b91ee2137feeffa431331a7') in 0.025258 seconds 
========================================================================
Received Import Request.
  Time since last request: 0.000024 seconds.
  path: Assets/Creator Kit - Puzzle/Scenes/ExampleScenes/Level03/ReflectionProbe-1.exr
  artifactKey: Guid(fee3a8d0602166c4fb6bb7986aef3951) Importer(815301076,1909f56bfc062723c751e8b465ee728b)
Start importing Assets/Creator Kit - Puzzle/Scenes/ExampleScenes/Level03/ReflectionProbe-1.exr using Guid(fee3a8d0602166c4fb6bb7986aef3951) Importer(815301076,1909f56bfc062723c751e8b465ee728b)  -> (artifact id: 'c1a707ffcf59e60b95b535a78bf1501d') in 0.012547 seconds 
========================================================================
Received Import Request.
  Time since last request: 0.000029 seconds.
  path: Assets/Creator Kit - Puzzle/Scenes/ExampleScenes/Level03/ReflectionProbe-2.exr
  artifactKey: Guid(a9d6715fb71af6a418d6c72818ff5f43) Importer(815301076,1909f56bfc062723c751e8b465ee728b)
Start importing Assets/Creator Kit - Puzzle/Scenes/ExampleScenes/Level03/ReflectionProbe-2.exr using Guid(a9d6715fb71af6a418d6c72818ff5f43) Importer(815301076,1909f56bfc062723c751e8b465ee728b)  -> (artifact id: 'a9ced696354288147002219a4af5f1f1') in 0.017474 seconds 
========================================================================
Received Import Request.
  Time since last request: 0.000018 seconds.
  path: Assets/Creator Kit - Puzzle/Scenes/ExampleScenes/Level03/ReflectionProbe-4.exr
  artifactKey: Guid(de4e88045e18f8a4c97410eeac75f12a) Importer(815301076,1909f56bfc062723c751e8b465ee728b)
Start importing Assets/Creator Kit - Puzzle/Scenes/ExampleScenes/Level03/ReflectionProbe-4.exr using Guid(de4e88045e18f8a4c97410eeac75f12a) Importer(815301076,1909f56bfc062723c751e8b465ee728b)  -> (artifact id: '003243ee7d549e8cae6a650cfd1ddeaf') in 0.014368 seconds 
========================================================================
Received Import Request.
  Time since last request: 0.000016 seconds.
  path: Assets/Creator Kit - Puzzle/Scenes/ExampleScenes/Level02/ReflectionProbe-2.exr
  artifactKey: Guid(5c0116eeed9cc3b479a332fcfc864c3b) Importer(815301076,1909f56bfc062723c751e8b465ee728b)
Start importing Assets/Creator Kit - Puzzle/Scenes/ExampleScenes/Level02/ReflectionProbe-2.exr using Guid(5c0116eeed9cc3b479a332fcfc864c3b) Importer(815301076,1909f56bfc062723c751e8b465ee728b)  -> (artifact id: '303bfa4c84706ab7c0441d390c3e64cd') in 0.012748 seconds 
========================================================================
Received Import Request.
  Time since last request: 0.000017 seconds.
  path: Assets/Creator Kit - Puzzle/Data/Timelines/ThreeStarCompletion.playable
  artifactKey: Guid(8cfa55f41721328449ea6a9d73d5e756) Importer(815301076,1909f56bfc062723c751e8b465ee728b)
Start importing Assets/Creator Kit - Puzzle/Data/Timelines/ThreeStarCompletion.playable using Guid(8cfa55f41721328449ea6a9d73d5e756) Importer(815301076,1909f56bfc062723c751e8b465ee728b)  -> (artifact id: 'e32cd12fac7f99d265b599c4ec7949e9') in 0.008261 seconds 
========================================================================
Received Import Request.
  Time since last request: 0.000032 seconds.
  path: Assets/Creator Kit - Puzzle/Scenes/ExampleScenes/Level01/ReflectionProbe-2.exr
  artifactKey: Guid(a7b49a396b9ebb44b849b4549459b6a7) Importer(815301076,1909f56bfc062723c751e8b465ee728b)
Start importing Assets/Creator Kit - Puzzle/Scenes/ExampleScenes/Level01/ReflectionProbe-2.exr using Guid(a7b49a396b9ebb44b849b4549459b6a7) Importer(815301076,1909f56bfc062723c751e8b465ee728b)  -> (artifact id: 'b144a2ad64915a37d04c469871d3428c') in 0.016454 seconds 
========================================================================
Received Import Request.
  Time since last request: 1.818233 seconds.
  path: Assets/Creator Kit - Puzzle/Prefabs/NestedUI/Timing.prefab
  artifactKey: Guid(abf820b992576e342b2b323fe58526fa) Importer(815301076,1909f56bfc062723c751e8b465ee728b)
Start importing Assets/Creator Kit - Puzzle/Prefabs/NestedUI/Timing.prefab using Guid(abf820b992576e342b2b323fe58526fa) Importer(815301076,1909f56bfc062723c751e8b465ee728b)  -> (artifact id: '7f5c7ca6c1a2628970a89ccfbb7934c8') in 0.024808 seconds 
========================================================================
Received Import Request.
  Time since last request: 1.230310 seconds.
  path: Assets/Plugins/FMOD/Cache/Editor/FMODStudioCache.asset
  artifactKey: Guid(0b6904103cbb08949987542420195582) Importer(815301076,1909f56bfc062723c751e8b465ee728b)
Start importing Assets/Plugins/FMOD/Cache/Editor/FMODStudioCache.asset using Guid(0b6904103cbb08949987542420195582) Importer(815301076,1909f56bfc062723c751e8b465ee728b)  -> (artifact id: '5d6b72276449649d01a4b7e757c5f9ef') in 0.006341 seconds 
========================================================================
Received Import Request.
  Time since last request: 26.933267 seconds.
  path: Assets/Creator Kit - Puzzle/Data/Timelines/OneStarCompletion.playable
  artifactKey: Guid(f85dc67521c65f841a40b8dcfa7fd2b2) Importer(815301076,1909f56bfc062723c751e8b465ee728b)
Start importing Assets/Creator Kit - Puzzle/Data/Timelines/OneStarCompletion.playable using Guid(f85dc67521c65f841a40b8dcfa7fd2b2) Importer(815301076,1909f56bfc062723c751e8b465ee728b)  -> (artifact id: '8903accf3f6f4f1296778c56a2d00827') in 0.004754 seconds 
========================================================================
Received Import Request.
  Time since last request: 28.849255 seconds.
  path: Assets/Creator Kit - Puzzle/Data/Timelines/TwoStarCompletion.playable
  artifactKey: Guid(92aef9607628de640aeaa6a5130596bf) Importer(815301076,1909f56bfc062723c751e8b465ee728b)
Start importing Assets/Creator Kit - Puzzle/Data/Timelines/TwoStarCompletion.playable using Guid(92aef9607628de640aeaa6a5130596bf) Importer(815301076,1909f56bfc062723c751e8b465ee728b)  -> (artifact id: 'bf0a1f28c56f5214c34239f11a3f3297') in 0.005656 seconds 
========================================================================
Received Prepare
Registering precompiled user dll's ...
Registered in 0.005485 seconds.
Begin MonoManager ReloadAssembly
Symbol file LoadedFromMemory doesn't match image C:\Users\Diogo\Documents\GitHub\3D-Creator-Puzzle-Kit\Library\PackageCache\com.unity.visualscripting@1.7.8\Editor\VisualScripting.Core\Dependencies\DotNetZip\Unity.VisualScripting.IonicZip.dll
Symbol file LoadedFromMemory doesn't match image C:\Users\Diogo\Documents\GitHub\3D-Creator-Puzzle-Kit\Library\PackageCache\com.unity.visualscripting@1.7.8\Editor\VisualScripting.Core\Dependencies\YamlDotNet\Unity.VisualScripting.YamlDotNet.dll
Native extension for WindowsStandalone target not found
Refreshing native plugins compatible for Editor in 0.78 ms, found 5 plugins.
Preloading 0 native plugins for Editor in 0.00 ms.
Mono: successfully reloaded assembly
- Completed reload, in  0.649 seconds
Domain Reload Profiling:
	ReloadAssembly (649ms)
		BeginReloadAssembly (87ms)
			ExecutionOrderSort (0ms)
			DisableScriptedObjects (3ms)
			BackupInstance (0ms)
			ReleaseScriptingObjects (0ms)
			CreateAndSetChildDomain (25ms)
		EndReloadAssembly (500ms)
			LoadAssemblies (53ms)
			RebuildTransferFunctionScriptingTraits (0ms)
			SetupTypeCache (160ms)
			ReleaseScriptCaches (1ms)
			RebuildScriptCaches (32ms)
			SetupLoadedEditorAssemblies (225ms)
				LogAssemblyErrors (0ms)
				InitializePlatformSupportModulesInManaged (8ms)
				SetLoadedEditorAssemblies (0ms)
				RefreshPlugins (1ms)
				BeforeProcessingInitializeOnLoad (42ms)
				ProcessInitializeOnLoadAttributes (144ms)
				ProcessInitializeOnLoadMethodAttributes (26ms)
				AfterProcessingInitializeOnLoad (4ms)
				EditorAssembliesLoaded (0ms)
			ExecutionOrderSort2 (0ms)
			AwakeInstancesAfterBackupRestoration (4ms)
Platform modules already initialized, skipping
Refreshing native plugins compatible for Editor in 7.06 ms, found 5 plugins.
Preloading 0 native plugins for Editor in 0.00 ms.
Unloading 4102 Unused Serialized files (Serialized files now loaded: 0)
Unloading 113 unused Assets / (1.4 MB). Loaded Objects now: 4594.
Memory consumption went from 152.3 MB to 151.0 MB.
Total: 2.431500 ms (FindLiveObjects: 0.286000 ms CreateObjectMapping: 0.115500 ms MarkObjects: 1.814500 ms  DeleteObjects: 0.214700 ms)

AssetImportParameters requested are different than current active one (requested -> active):
  custom:video-decoder-ogg-theora: a1e56fd34408186e4bbccfd4996cb3dc -> 
  custom:container-muxer-webm: aa71ff27fc2769a1b78a27578f13a17b -> 
  custom:container-demuxer-webm: 4f35f7cbe854078d1ac9338744f61a02 -> 
  custom:video-encoder-webm-vp8: eb34c28f22e8b96e1ab97ce403110664 -> 
  custom:audio-encoder-webm-vorbis: bf7c407c2cedff20999df2af8eb42d56 -> 
  custom:framework-win-MediaFoundation: 216162199b28c13a410421893ffa2e32 -> 
  custom:container-demuxer-ogg: 62fdf1f143b41e24485cea50d1cbac27 -> 
  custom:video-decoder-webm-vp8: 9c59270c3fd7afecdb556c50c9e8de78 -> 
  custom:audio-decoder-ogg-vorbis: bf7c407c2cedff20999df2af8eb42d56 -> 
========================================================================
Received Prepare
Registering precompiled user dll's ...
Registered in 0.005784 seconds.
Begin MonoManager ReloadAssembly
Symbol file LoadedFromMemory doesn't match image C:\Users\Diogo\Documents\GitHub\3D-Creator-Puzzle-Kit\Library\PackageCache\com.unity.visualscripting@1.7.8\Editor\VisualScripting.Core\Dependencies\DotNetZip\Unity.VisualScripting.IonicZip.dll
Symbol file LoadedFromMemory doesn't match image C:\Users\Diogo\Documents\GitHub\3D-Creator-Puzzle-Kit\Library\PackageCache\com.unity.visualscripting@1.7.8\Editor\VisualScripting.Core\Dependencies\YamlDotNet\Unity.VisualScripting.YamlDotNet.dll
Native extension for WindowsStandalone target not found
Refreshing native plugins compatible for Editor in 0.73 ms, found 5 plugins.
Preloading 0 native plugins for Editor in 0.00 ms.
Mono: successfully reloaded assembly
- Completed reload, in  0.651 seconds
Domain Reload Profiling:
	ReloadAssembly (652ms)
		BeginReloadAssembly (86ms)
			ExecutionOrderSort (0ms)
			DisableScriptedObjects (4ms)
			BackupInstance (0ms)
			ReleaseScriptingObjects (0ms)
			CreateAndSetChildDomain (22ms)
		EndReloadAssembly (498ms)
			LoadAssemblies (65ms)
			RebuildTransferFunctionScriptingTraits (0ms)
			SetupTypeCache (178ms)
			ReleaseScriptCaches (1ms)
			RebuildScriptCaches (24ms)
			SetupLoadedEditorAssemblies (205ms)
				LogAssemblyErrors (0ms)
				InitializePlatformSupportModulesInManaged (8ms)
				SetLoadedEditorAssemblies (0ms)
				RefreshPlugins (1ms)
				BeforeProcessingInitializeOnLoad (43ms)
				ProcessInitializeOnLoadAttributes (126ms)
				ProcessInitializeOnLoadMethodAttributes (22ms)
				AfterProcessingInitializeOnLoad (5ms)
				EditorAssembliesLoaded (0ms)
			ExecutionOrderSort2 (0ms)
			AwakeInstancesAfterBackupRestoration (5ms)
Platform modules already initialized, skipping
Refreshing native plugins compatible for Editor in 5.62 ms, found 5 plugins.
Preloading 0 native plugins for Editor in 0.00 ms.
Unloading 4102 Unused Serialized files (Serialized files now loaded: 0)
Unloading 113 unused Assets / (1.4 MB). Loaded Objects now: 4597.
Memory consumption went from 152.4 MB to 151.0 MB.
Total: 2.223400 ms (FindLiveObjects: 0.161200 ms CreateObjectMapping: 0.077200 ms MarkObjects: 1.810100 ms  DeleteObjects: 0.174300 ms)

AssetImportParameters requested are different than current active one (requested -> active):
  custom:video-decoder-ogg-theora: a1e56fd34408186e4bbccfd4996cb3dc -> 
  custom:container-muxer-webm: aa71ff27fc2769a1b78a27578f13a17b -> 
  custom:container-demuxer-webm: 4f35f7cbe854078d1ac9338744f61a02 -> 
  custom:video-encoder-webm-vp8: eb34c28f22e8b96e1ab97ce403110664 -> 
  custom:audio-encoder-webm-vorbis: bf7c407c2cedff20999df2af8eb42d56 -> 
  custom:framework-win-MediaFoundation: 216162199b28c13a410421893ffa2e32 -> 
  custom:container-demuxer-ogg: 62fdf1f143b41e24485cea50d1cbac27 -> 
  custom:video-decoder-webm-vp8: 9c59270c3fd7afecdb556c50c9e8de78 -> 
  custom:audio-decoder-ogg-vorbis: bf7c407c2cedff20999df2af8eb42d56 -> 
========================================================================
Received Prepare
Registering precompiled user dll's ...
Registered in 0.006263 seconds.
Begin MonoManager ReloadAssembly
Symbol file LoadedFromMemory doesn't match image C:\Users\Diogo\Documents\GitHub\3D-Creator-Puzzle-Kit\Library\PackageCache\com.unity.visualscripting@1.7.8\Editor\VisualScripting.Core\Dependencies\DotNetZip\Unity.VisualScripting.IonicZip.dll
Symbol file LoadedFromMemory doesn't match image C:\Users\Diogo\Documents\GitHub\3D-Creator-Puzzle-Kit\Library\PackageCache\com.unity.visualscripting@1.7.8\Editor\VisualScripting.Core\Dependencies\YamlDotNet\Unity.VisualScripting.YamlDotNet.dll
Native extension for WindowsStandalone target not found
Refreshing native plugins compatible for Editor in 1.00 ms, found 5 plugins.
Preloading 0 native plugins for Editor in 0.00 ms.
Mono: successfully reloaded assembly
- Completed reload, in  0.636 seconds
Domain Reload Profiling:
	ReloadAssembly (636ms)
		BeginReloadAssembly (84ms)
			ExecutionOrderSort (0ms)
			DisableScriptedObjects (7ms)
			BackupInstance (0ms)
			ReleaseScriptingObjects (0ms)
			CreateAndSetChildDomain (21ms)
		EndReloadAssembly (493ms)
			LoadAssemblies (52ms)
			RebuildTransferFunctionScriptingTraits (0ms)
			SetupTypeCache (153ms)
			ReleaseScriptCaches (1ms)
			RebuildScriptCaches (27ms)
			SetupLoadedEditorAssemblies (230ms)
				LogAssemblyErrors (0ms)
				InitializePlatformSupportModulesInManaged (8ms)
				SetLoadedEditorAssemblies (0ms)
				RefreshPlugins (1ms)
				BeforeProcessingInitializeOnLoad (47ms)
				ProcessInitializeOnLoadAttributes (145ms)
				ProcessInitializeOnLoadMethodAttributes (24ms)
				AfterProcessingInitializeOnLoad (4ms)
				EditorAssembliesLoaded (0ms)
			ExecutionOrderSort2 (0ms)
			AwakeInstancesAfterBackupRestoration (4ms)
Platform modules already initialized, skipping
Refreshing native plugins compatible for Editor in 6.76 ms, found 5 plugins.
Preloading 0 native plugins for Editor in 0.00 ms.
Unloading 4102 Unused Serialized files (Serialized files now loaded: 0)
Unloading 113 unused Assets / (1.4 MB). Loaded Objects now: 4600.
Memory consumption went from 152.4 MB to 151.0 MB.
Total: 2.610100 ms (FindLiveObjects: 0.179400 ms CreateObjectMapping: 0.081900 ms MarkObjects: 2.135200 ms  DeleteObjects: 0.212700 ms)

AssetImportParameters requested are different than current active one (requested -> active):
  custom:video-decoder-ogg-theora: a1e56fd34408186e4bbccfd4996cb3dc -> 
  custom:container-muxer-webm: aa71ff27fc2769a1b78a27578f13a17b -> 
  custom:container-demuxer-webm: 4f35f7cbe854078d1ac9338744f61a02 -> 
  custom:video-encoder-webm-vp8: eb34c28f22e8b96e1ab97ce403110664 -> 
  custom:audio-encoder-webm-vorbis: bf7c407c2cedff20999df2af8eb42d56 -> 
  custom:framework-win-MediaFoundation: 216162199b28c13a410421893ffa2e32 -> 
  custom:container-demuxer-ogg: 62fdf1f143b41e24485cea50d1cbac27 -> 
  custom:video-decoder-webm-vp8: 9c59270c3fd7afecdb556c50c9e8de78 -> 
  custom:audio-decoder-ogg-vorbis: bf7c407c2cedff20999df2af8eb42d56 -> 
